Log file open, 07/29/17 00:31:17
LogInit:Display: Running engine for game: LD39
LogPlatformFile: Not using cached read wrapper
LogInit:Display: RandInit(-106787035) SRandInit(-106787035).
LogTaskGraph: Started task graph with 5 named threads and 8 total threads with 1 sets of task threads.
LogStats: Stats thread started at 0.085467
LogInit: Using libcurl 7.47.1
LogInit:  - built for x86_64-pc-win32
LogInit:  - supports SSL with OpenSSL/1.0.2g
LogInit:  - supports HTTP deflate (compression) using libz 1.2.8
LogInit:  - other features:
LogInit:      CURL_VERSION_SSL
LogInit:      CURL_VERSION_LIBZ
LogInit:      CURL_VERSION_IPV6
LogInit:      CURL_VERSION_ASYNCHDNS
LogInit:      CURL_VERSION_LARGEFILE
LogInit:      CURL_VERSION_IDN
LogInit:  CurlRequestOptions (configurable via config and command line):
LogInit:  - bVerifyPeer = false  - Libcurl will NOT verify peer certificate
LogInit:  - bUseHttpProxy = false  - Libcurl will NOT use HTTP proxy
LogInit:  - bDontReuseConnections = false  - Libcurl will reuse connections
LogInit:  - CertBundlePath = nullptr  - Libcurl will use whatever was configured at build time.
LogInit: Build: ++UE4+Release-4.16-CL-3514769
LogInit: Engine Version: 4.16.2-3514769+++UE4+Release-4.16
LogInit: Compatible Engine Version: 4.16.0-3452394+++UE4+Release-4.16
LogInit: Net CL: 3452394
LogDevObjectVersion: Number of dev versions registered: 16
LogDevObjectVersion:   Dev-Blueprints (B0D832E4-1F89-4F0D-ACCF-7EB736FD4AA2): 9
LogDevObjectVersion:   Dev-Build (E1C64328-A22C-4D53-A36C-8E866417BD8C): 0
LogDevObjectVersion:   Dev-Core (375EC13C-06E4-48FB-B500-84F0262A717E): 2
LogDevObjectVersion:   Dev-Editor (E4B068ED-F494-42E9-A231-DA0B2E46BB41): 17
LogDevObjectVersion:   Dev-Framework (CFFC743F-43B0-4480-9391-14DF171D2073): 23
LogDevObjectVersion:   Dev-Mobile (B02B49B5-BB20-44E9-A304-32B752E40360): 0
LogDevObjectVersion:   Dev-Networking (A4E4105C-59A1-49B5-A7C5-40C4547EDFEE): 0
LogDevObjectVersion:   Dev-Online (39C831C9-5AE6-47DC-9A44-9C173E1C8E7C): 0
LogDevObjectVersion:   Dev-Physics (78F01B33-EBEA-4F98-B9B4-84EACCB95AA2): 0
LogDevObjectVersion:   Dev-Platform (6631380F-2D4D-43E0-8009-CF276956A95A): 0
LogDevObjectVersion:   Dev-Rendering (12F88B9F-8875-4AFC-A67C-D90C383ABD29): 15
LogDevObjectVersion:   Dev-Sequencer (7B5AE74C-D270-4C10-A958-57980B212A5A): 4
LogDevObjectVersion:   Dev-VR (D7296918-1DD6-4BDD-9DE2-64A83CC13884): 0
LogDevObjectVersion:   Dev-LoadTimes (C2A15278-BFE7-4AFE-6C17-90FF531DF755): 1
LogDevObjectVersion:   Private-Geometry (6EACA3D4-40EC-4CC1-B786-8BED09428FC5): 1
LogDevObjectVersion:   Dev-AnimPhys (29E575DD-E0A3-4627-9D10-D276232CDCEA): 3
LogInit: Compiled (64-bit): Jun 29 2017 02:03:24
LogInit: Compiled with Visual C++: 19.00.24215.01
LogInit: Build Configuration: Development
LogInit: Branch Name: ++UE4+Release-4.16
LogInit: Command line: -EpicPortal 
LogInit: Base directory: F:/UnrealEngine/UE_4.16/Engine/Binaries/Win64/
LogInit: Installed Engine Build: 1
LogInit: Presizing for max 8388607 objects, including 0 objects not considered by GC, pre-allocating 0 bytes for permanent pool.
LogInit: Object subsystem initialized
[2017.07.29-04.31.17:355][  0]LogInit: Selected Device Profile: [Windows]
[2017.07.29-04.31.17:355][  0]LogInit: Applying CVar settings loaded from the selected device profile: [Windows]
[2017.07.29-04.31.17:365][  0]LogInit: Computer: ROBBYS_RIG
[2017.07.29-04.31.17:365][  0]LogInit: User: Robby
[2017.07.29-04.31.17:365][  0]LogInit: CPU Page size=4096, Cores=4
[2017.07.29-04.31.17:365][  0]LogInit: High frequency timer resolution =3.417974 MHz
[2017.07.29-04.31.17:365][  0]LogMemory: Memory total: Physical=15.9GB (16GB approx)
[2017.07.29-04.31.17:365][  0]LogMemory: Platform Memory Stats for Windows
[2017.07.29-04.31.17:365][  0]LogMemory: Process Physical Memory: 272.31 MB used, 272.31 MB peak
[2017.07.29-04.31.17:365][  0]LogMemory: Process Virtual Memory: 258.83 MB used, 258.83 MB peak
[2017.07.29-04.31.17:365][  0]LogMemory: Physical Memory: 10964.77 MB used,  5279.50 MB free, 16244.28 MB total
[2017.07.29-04.31.17:365][  0]LogMemory: Virtual Memory: 635.67 MB used,  5279.50 MB free, 134217728.00 MB total
[2017.07.29-04.31.17:414][  0]LogInit: Using OS detected language (en-US).
[2017.07.29-04.31.17:414][  0]LogInit: Using OS detected locale (en-US).
[2017.07.29-04.31.17:416][  0]LogTextLocalizationManager: No specific localization for 'en-US' exists, so the 'en' localization will be used.
[2017.07.29-04.31.18:232][  0]LogD3D11RHI: D3D11 adapters:
[2017.07.29-04.31.18:261][  0]LogD3D11RHI:    0. 'NVIDIA GeForce GTX 970' (Feature Level 11_0)
[2017.07.29-04.31.18:261][  0]LogD3D11RHI:       4059/0/8122 MB DedicatedVideo/DedicatedSystem/SharedSystem, Outputs:2, VendorId:0x10de
[2017.07.29-04.31.18:267][  0]LogD3D11RHI:    1. 'Intel(R) HD Graphics 4600' (Feature Level 11_0)
[2017.07.29-04.31.18:267][  0]LogD3D11RHI:       112/0/2048 MB DedicatedVideo/DedicatedSystem/SharedSystem, Outputs:0, VendorId:0x8086
[2017.07.29-04.31.18:268][  0]LogD3D11RHI:    2. 'Microsoft Basic Render Driver' (Feature Level 11_0)
[2017.07.29-04.31.18:268][  0]LogD3D11RHI:       0/0/8122 MB DedicatedVideo/DedicatedSystem/SharedSystem, Outputs:0, VendorId:0x1414
[2017.07.29-04.31.18:268][  0]LogD3D11RHI: Chosen D3D11 Adapter: 0
[2017.07.29-04.31.18:309][  0]LogD3D11RHI: Creating new Direct3DDevice
[2017.07.29-04.31.18:310][  0]LogD3D11RHI:     GPU DeviceId: 0x13c2 (for the marketing name, search the web for "GPU Device Id")
[2017.07.29-04.31.18:310][  0]LogWindows: EnumDisplayDevices:
[2017.07.29-04.31.18:310][  0]LogWindows:    0. 'NVIDIA GeForce GTX 970' (P:1 D:1)
[2017.07.29-04.31.18:310][  0]LogWindows:    1. 'NVIDIA GeForce GTX 970' (P:0 D:1)
[2017.07.29-04.31.18:310][  0]LogWindows:    2. 'NVIDIA GeForce GTX 970' (P:0 D:0)
[2017.07.29-04.31.18:310][  0]LogWindows:    3. 'NVIDIA GeForce GTX 970' (P:0 D:0)
[2017.07.29-04.31.18:310][  0]LogWindows:    4. 'Intel(R) HD Graphics 4600' (P:0 D:0)
[2017.07.29-04.31.18:310][  0]LogWindows:    5. 'Intel(R) HD Graphics 4600' (P:0 D:0)
[2017.07.29-04.31.18:310][  0]LogWindows:    6. 'Intel(R) HD Graphics 4600' (P:0 D:0)
[2017.07.29-04.31.18:311][  0]LogWindows: DebugString: PrimaryIsNotTheChoosenAdapter PrimaryIsNotTheChoosenAdapter PrimaryIsNotTheChoosenAdapter FoundDriverCount:4 
[2017.07.29-04.31.18:311][  0]LogD3D11RHI:     Adapter Name: NVIDIA GeForce GTX 970
[2017.07.29-04.31.18:311][  0]LogD3D11RHI:   Driver Version: 378.66 (internal:21.21.13.7866, unified:378.66)
[2017.07.29-04.31.18:311][  0]LogD3D11RHI:      Driver Date: 2-9-2017
[2017.07.29-04.31.18:311][  0]LogRHI: Texture pool is 1361 MB (70% of 1945 MB)
[2017.07.29-04.31.18:322][  0]LogD3D11RHI: Async texture creation enabled
[2017.07.29-04.31.18:332][  0]LogD3D11RHI: GPU Timing Frequency: 1000.000000 (Debug: 2 1)
[2017.07.29-04.31.18:428][  0]LogShaderCompilers: Guid format shader working directory is 16 characters bigger than the processId version (../../../../../Projects/LD39/Intermediate/Shaders/WorkingDirectory/688348/).
[2017.07.29-04.31.18:428][  0]LogShaderCompilers: Cleaned the shader compiler working directory 'C:/Users/Robby/AppData/Local/Temp/UnrealShaderWorkingDir/C9B0C4224D8FE933A36D4C8BD4B76AD7/'.
[2017.07.29-04.31.18:428][  0]LogShaderCompilers:Display: Using Local Shader Compiler.
[2017.07.29-04.31.19:304][  0]LogTemp:Display: Loaded TP AllDesktopTargetPlatform
[2017.07.29-04.31.19:338][  0]LogTemp:Display: Loaded TP MacClientTargetPlatform
[2017.07.29-04.31.19:372][  0]LogTemp:Display: Loaded TP MacNoEditorTargetPlatform
[2017.07.29-04.31.19:407][  0]LogTemp:Display: Loaded TP MacServerTargetPlatform
[2017.07.29-04.31.19:441][  0]LogTemp:Display: Loaded TP MacTargetPlatform
[2017.07.29-04.31.19:474][  0]LogTemp:Display: Loaded TP WindowsClientTargetPlatform
[2017.07.29-04.31.19:508][  0]LogTemp:Display: Loaded TP WindowsNoEditorTargetPlatform
[2017.07.29-04.31.19:542][  0]LogTemp:Display: Loaded TP WindowsServerTargetPlatform
[2017.07.29-04.31.19:570][  0]LogTemp:Display: Loaded TP WindowsTargetPlatform
[2017.07.29-04.31.19:605][  0]LogTemp:Display: Loaded TP AndroidTargetPlatform
[2017.07.29-04.31.19:639][  0]LogTemp:Display: Loaded TP Android_ASTCTargetPlatform
[2017.07.29-04.31.19:671][  0]LogTemp:Display: Loaded TP Android_ATCTargetPlatform
[2017.07.29-04.31.19:705][  0]LogTemp:Display: Loaded TP Android_DXTTargetPlatform
[2017.07.29-04.31.19:737][  0]LogTemp:Display: Loaded TP Android_ETC1TargetPlatform
[2017.07.29-04.31.19:769][  0]LogTemp:Display: Loaded TP Android_ETC2TargetPlatform
[2017.07.29-04.31.19:837][  0]LogTemp:Display: Loaded TP Android_MultiTargetPlatform
[2017.07.29-04.31.19:837][  0]LogTemp:Display: Loaded TP Android_PVRTCTargetPlatform
[2017.07.29-04.31.19:862][  0]LogTemp:Display: Loaded TP HTML5TargetPlatform
[2017.07.29-04.31.19:930][  0]LogTemp:Display: Loaded TP IOSTargetPlatform
[2017.07.29-04.31.19:950][  0]LogTemp:Display: Loaded TP TVOSTargetPlatform
[2017.07.29-04.31.19:982][  0]LogTemp:Display: Loaded TP LinuxClientTargetPlatform
[2017.07.29-04.31.20:016][  0]LogTemp:Display: Loaded TP LinuxNoEditorTargetPlatform
[2017.07.29-04.31.20:048][  0]LogTemp:Display: Loaded TP LinuxServerTargetPlatform
[2017.07.29-04.31.20:081][  0]LogTemp:Display: Loaded TP LinuxTargetPlatform
[2017.07.29-04.31.20:081][  0]LogTargetPlatformManager:Display: Building Assets For Windows
[2017.07.29-04.31.20:422][  0]LogDerivedDataCache:Display: Max Cache Size: 512 MB
[2017.07.29-04.31.20:510][  0]LogDerivedDataCache: Loaded boot cache 0.09s 104MB C:/Users/Robby/AppData/Local/UnrealEngine/4.16/DerivedDataCache/Boot.ddc.
[2017.07.29-04.31.20:510][  0]LogDerivedDataCache:Display: Loaded Boot cache: C:/Users/Robby/AppData/Local/UnrealEngine/4.16/DerivedDataCache/Boot.ddc
[2017.07.29-04.31.20:510][  0]LogDerivedDataCache: FDerivedDataBackendGraph:  Pak pak cache file ../../../../../Projects/LD39/DerivedDataCache/DDC.ddp not found, will not use a pak cache.
[2017.07.29-04.31.20:510][  0]LogDerivedDataCache: Unable to find inner node Pak for hierarchical cache Hierarchy.
[2017.07.29-04.31.20:510][  0]LogDerivedDataCache: FDerivedDataBackendGraph:  CompressedPak pak cache file ../../../../../Projects/LD39/DerivedDataCache/Compressed.ddp not found, will not use a pak cache.
[2017.07.29-04.31.20:510][  0]LogDerivedDataCache: Unable to find inner node CompressedPak for hierarchical cache Hierarchy.
[2017.07.29-04.31.20:526][  0]LogDerivedDataCache:Display: Pak cache opened for reading ../../../Engine/DerivedDataCache/Compressed.ddp.
[2017.07.29-04.31.20:538][  0]LogDerivedDataCache: Using Local data cache path C:/Users/Robby/AppData/Local/UnrealEngine/Common/DerivedDataCache: Writable
[2017.07.29-04.31.20:547][  0]LogMaterial: Verifying Global Shaders for PCD3D_SM5
[2017.07.29-04.31.20:547][  0]LogSlate: Using Freetype 2.6.0
[2017.07.29-04.31.20:547][  0]LogSlate: SlateFontCache - WITH_FREETYPE: 1, WITH_HARFBUZZ: 1
[2017.07.29-04.31.20:547][  0]LogSlate: SlateFontCache - WITH_FREETYPE: 1, WITH_HARFBUZZ: 1
[2017.07.29-04.31.20:817][  0]LogInit: Selected Device Profile: [Windows]
[2017.07.29-04.31.20:875][  0]LogContentStreaming: Texture pool size is 0.00 MB
[2017.07.29-04.31.21:005][  0]LogMeshUtilities: Using QuadricMeshReduction for automatic static mesh reduction
[2017.07.29-04.31.21:035][  0]LogSimplygon: Simplygon DLL not present - disabling.
[2017.07.29-04.31.21:080][  0]LogMeshUtilities: Using SimplygonSwarm for distributed automatic mesh merging
[2017.07.29-04.31.21:080][  0]LogMeshUtilities: No automatic skeletal mesh reduction module available
[2017.07.29-04.31.21:080][  0]LogMeshUtilities: No automatic mesh merging module available
[2017.07.29-04.31.21:507][  0]LogNetVersion: LD39 , NetCL: 3452394, EngineNetVer: 2, GameNetVer: 0 (Checksum: 614156085)
[2017.07.29-04.31.21:558][  0]LogAssetRegistry: FAssetRegistry took 0.0246 seconds to start up
[2017.07.29-04.31.21:607][  0]LogPackageLocalizationCache: Processed 4 localized package path(s) for 2 prioritized culture(s) in 0.035023 seconds
[2017.07.29-04.31.21:613][  0]LogUObjectArray: 34194 objects as part of root set at end of initial load.
[2017.07.29-04.31.21:613][  0]LogUObjectAllocator: 7260416 out of 0 bytes used by permanent object pool.
[2017.07.29-04.31.21:613][  0]LogUObjectArray: CloseDisregardForGC: 0/0 objects in disregard for GC pool
[2017.07.29-04.31.21:655][  0]LogInit: WinSock: version 1.1 (2.2), MaxSocks=32767, MaxUdp=65467
[2017.07.29-04.31.23:785][  0]LogTcpMessaging: Initializing TcpMessaging bridge
[2017.07.29-04.31.23:815][  0]LogUdpMessaging: Initializing bridge on interface 0.0.0.0:0 to multicast group 230.0.0.1:6666.
[2017.07.29-04.31.24:340][  0]LogMaterial: Uniform references updated for custom material expression Custom.
[2017.07.29-04.31.24:641][  0]SourceControl: Info Source control is disabled
[2017.07.29-04.31.24:669][  0]SourceControl: Info Source control is disabled
[2017.07.29-04.31.24:700][  0]SourceControl: Info Source control is disabled
[2017.07.29-04.31.24:729][  0]SourceControl: Info Source control is disabled
[2017.07.29-04.31.25:184][  0]LogAndroidPermission: UAndroidPermissionCallbackProxy::GetInstance
[2017.07.29-04.31.25:591][  0]LogEngine: Initializing Engine...
[2017.07.29-04.31.32:447][  0]LogHMD: SteamVR initialized.  Driver: lighthouse  Display: LHR-DD20357F
[2017.07.29-04.31.32:613][  0]LogStats: UGameplayTagsManager::ConstructGameplayTagTree: Construct from data asset -  0.000 s
[2017.07.29-04.31.32:613][  0]LogStats: UGameplayTagsManager::ConstructGameplayTagTree: GameplayTagTreeChangedEvent.Broadcast -  0.000 s
[2017.07.29-04.31.32:706][  0]LogAIModule: Creating AISystem for world Untitled
[2017.07.29-04.31.32:729][  0]LogInit: XAudio2 using 'Speakers (Realtek High Definition Audio)' : 6 channels at 48 kHz using 32 bits per sample (channel mask 0x3f)
[2017.07.29-04.31.32:740][  0]LogInit: FAudioDevice initialized.
[2017.07.29-04.31.32:788][  0]LogDerivedDataCache: Saved boot cache 0.05s 104MB C:/Users/Robby/AppData/Local/UnrealEngine/4.16/DerivedDataCache/Boot.ddc.
[2017.07.29-04.31.32:803][  0]LogInit: Texture streaming: Enabled
[2017.07.29-04.31.32:870][  0]LogEngineSessionManager: EngineSessionManager initialized
[2017.07.29-04.31.33:104][  0]LogInit: Transaction tracking system initialized
[2017.07.29-04.31.33:321][  0]BlueprintLog: New page: Editor Load
[2017.07.29-04.31.33:999][  0]LocalizationService: Info Localization service is disabled
[2017.07.29-04.31.34:490][  0]LogConsoleResponse:Display: 
[2017.07.29-04.31.34:635][  0]LogCook:Display: Max memory allowance for cook 16384mb min free memory 0mb
[2017.07.29-04.31.34:635][  0]LogFileCache: Scanning file cache for directory 'F:/Projects/LD39/Content/' took 0.01s
[2017.07.29-04.31.34:635][  0]LogCook:Display: Mobile HDR setting 1
[2017.07.29-04.31.35:367][  0]SourceControl: Info Source control is disabled
[2017.07.29-04.31.35:367][  0]Cmd: MAP LOAD FILE="../../../Engine/Content/Maps/Templates/Template_Default.umap" TEMPLATE=1 SHOWPROGRESS=1 FEATURELEVEL=3
[2017.07.29-04.31.35:367][  0]LightingResults: New page: Lighting Build
[2017.07.29-04.31.35:406][  0]MapCheck: New page: Map Check
[2017.07.29-04.31.35:406][  0]LightingResults: New page: Lighting Build
[2017.07.29-04.31.35:583][  0]LogAIModule: Creating AISystem for world Untitled_1
[2017.07.29-04.31.35:584][  0]LogActorComponent: RegisterComponentWithWorld: (/Temp/Untitled_1.Untitled_1:PersistentLevel.WorldSettings_1.StaticMeshComponent0) Trying to register component with IsPendingKill() == true. Aborting.
[2017.07.29-04.31.35:588][  0]LogEditorServer: Finished looking for orphan Actors (0.000 secs)
[2017.07.29-04.31.35:602][  0]Cmd: MAP CHECKDEP NOCLEARLOG
[2017.07.29-04.31.35:639][  0]MapCheck: Info Map check complete: 0 Error(s), 0 Warning(s), took 37.094ms to complete.
[2017.07.29-04.31.35:639][  0]LogFileHelpers: Loading map 'Template_Default' took 0.273
[2017.07.29-04.31.35:703][  0]LogWindowsTextInputMethodSystem:Display: IME system now deactivated.
[2017.07.29-04.31.35:703][  0]LogWindowsTextInputMethodSystem:Display: IME system now deactivated.
[2017.07.29-04.31.36:323][  0]LogCollectionManager: Loaded 0 collections in 0.001063 seconds
[2017.07.29-04.31.36:476][  0]LogFileCache: Scanning file cache for directory 'F:/Projects/LD39/Saved/Collections/' took 0.01s
[2017.07.29-04.31.36:476][  0]LogFileCache: Scanning file cache for directory 'F:/Projects/LD39/Content/Developers/Robby/Collections/' took 0.01s
[2017.07.29-04.31.36:476][  0]LogFileCache: Scanning file cache for directory 'F:/Projects/LD39/Content/Collections/' took 0.01s
[2017.07.29-04.31.36:476][  0]LogCollectionManager: Rebuilt the GUID cache for 0 collections in 0.000006 seconds
[2017.07.29-04.31.36:485][  0]LogContentBrowser: Native class hierarchy populated in 0.0082 seconds. Added 2329 classes and 491 folders.
[2017.07.29-04.31.36:565][  0]LogContentBrowser: Native class hierarchy updated for 'WidgetCarousel' in 0.0005 seconds. Added 0 classes and 0 folders.
[2017.07.29-04.31.37:552][  0]LogContentBrowser: Native class hierarchy updated for 'AddContentDialog' in 0.0005 seconds. Added 0 classes and 0 folders.
[2017.07.29-04.31.37:653][  0]LogContentBrowser: Native class hierarchy updated for 'SceneOutliner' in 0.0005 seconds. Added 1 classes and 2 folders.
[2017.07.29-04.31.38:313][  0]LogCrashTracker: Crashtracker disabled due to settings.
[2017.07.29-04.31.38:396][  0]LogSlate: Took 0.000208 seconds to synchronously load lazily loaded font '../../../Engine/Content/Slate/Fonts/Roboto-Regular.ttf' (155K)
[2017.07.29-04.31.38:398][  0]LogSlate: Took 0.000190 seconds to synchronously load lazily loaded font '../../../Engine/Content/Slate/Fonts/Roboto-Bold.ttf' (160K)
[2017.07.29-04.31.38:522][  0]LogSlate: Took 0.015185 seconds to synchronously load lazily loaded font '../../../Engine/Content/Editor/Slate/Fonts/FontAwesome.ttf' (139K)
[2017.07.29-04.31.38:951][  0]LogRenderer: Reallocating scene render targets to support 1024x504 NumSamples 1 (Frame:1).
[2017.07.29-04.31.39:452][  0]LogUObjectGlobals:Warning: Failed to find object 'Class None.'
[2017.07.29-04.31.39:542][  0]LogContentBrowser: Native class hierarchy updated for 'HierarchicalLODOutliner' in 0.0008 seconds. Added 1 classes and 2 folders.
[2017.07.29-04.31.39:542][  0]LogLoad: (Engine Initialization) Total time: 23.37 seconds
[2017.07.29-04.31.39:542][  0]LogLoad: (Engine Initialization) Total Blueprint compile time: 0.07 seconds
[2017.07.29-04.31.39:542][  0]LogExternalProfiler: Found external profiler: VSPerf
[2017.07.29-04.31.39:542][  0]LogExternalProfiler: Using external profiler: VSPerf
[2017.07.29-04.31.39:552][  0]LogOcInput: OculusInput pre-init called
[2017.07.29-04.31.39:552][  0]LogHMD: Starting GearVRController plugin
[2017.07.29-04.31.39:582][  0]LogContentStreaming: Texture pool size now 1000 MB
[2017.07.29-04.31.39:682][  0]LogSlate: Took 0.015313 seconds to synchronously load lazily loaded font '../../../Engine/Content/Slate/Fonts/Roboto-Light.ttf' (159K)
[2017.07.29-04.31.39:709][  1]LogAssetRegistry: Asset discovery search completed in 18.1717 seconds
[2017.07.29-04.31.39:710][  1]LogCollectionManager: Rebuilt the object cache for 0 collections in 0.000001 seconds (found 0 objects)
[2017.07.29-04.31.39:710][  1]LogCollectionManager: Fixed up redirectors for 0 collections in 0.000056 seconds (updated 0 objects)
[2017.07.29-04.32.15:385][923]LogSlate: Took 0.000135 seconds to synchronously load lazily loaded font '../../../Engine/Content/Slate/Fonts/Roboto-Light.ttf' (159K)
[2017.07.29-04.32.15:405][923]LogFactory: FactoryCreateFile: Texture with ReimportTextureFactory (0 0 F:\Projects\LD39\AssetsSourceFiles\SimpleCircle_basecolor.png)
[2017.07.29-04.32.15:480][923]LogTexture:Display: Building textures: SimpleCircle_basecolor (AutoDXT, 1024X1024)
[2017.07.29-04.32.17:284][ 28]LogContentBrowser: Native class hierarchy updated for 'TextureEditor' in 0.0006 seconds. Added 1 classes and 2 folders.
[2017.07.29-04.32.30:107][482]LogMaterial: Missing cached shader map for material Mat_TestMat_01, compiling. 
[2017.07.29-04.32.31:063][482]LogSlate: Took 0.000139 seconds to synchronously load lazily loaded font '../../../Engine/Content/Slate/Fonts/Roboto-Regular.ttf' (155K)
[2017.07.29-04.32.31:329][482]LogContentBrowser: Native class hierarchy updated for 'BlueprintGraph' in 0.0010 seconds. Added 112 classes and 0 folders.
[2017.07.29-04.32.32:891][482]LogSlate: Took 0.013280 seconds to synchronously load lazily loaded font '../../../Engine/Content/Editor/Slate/Fonts/Roboto-BoldCondensed.ttf' (158K)
[2017.07.29-04.32.33:156][483]LogSlate: Took 0.005080 seconds to synchronously load lazily loaded font '../../../Engine/Content/Editor/Slate/Fonts/Roboto-Italic.ttf' (157K)
[2017.07.29-04.32.37:276][846]LogRenderer: Reallocating scene render targets to support 1024x568 NumSamples 1 (Frame:1).
[2017.07.29-04.32.52:556][321]LogEditorViewport: Clicking on Actor (LMB): BP_Peon_C (BP_Peon)
[2017.07.29-04.32.53:279][387]Cmd: DELETE
[2017.07.29-04.32.53:280][387]Cmd: ACTOR DELETE
[2017.07.29-04.32.53:449][387]LogEditorActor: Deleted Actor: BP_Peon_C
[2017.07.29-04.32.53:481][387]LogEditorActor: Deleted 1 Actors (0.032 secs)
[2017.07.29-04.32.56:218][664]LogAIModule: Creating AISystem for world TestMap1
[2017.07.29-04.33.01:233][664]LogSavePackage: Save=138.80ms
[2017.07.29-04.33.01:233][664]LogSavePackage: Moving '../../../../../Projects/LD39/Saved/SimpleCircle_basecolor20F7075346A08B0B4DABE78A9EFCEEF5.tmp' to '../../../../../Projects/LD39/Content/LD39Custom/RawResources/Alphas/SimpleCircle_basecolor.uasset'
[2017.07.29-04.33.01:237][664]LogSavePackage:Display: Finished SavePackage ../../../../../Projects/LD39/Content/LD39Custom/RawResources/Alphas/SimpleCircle_basecolor.uasset
[2017.07.29-04.33.09:928][ 29]Cmd: MAP LOAD FILE="../../../../../Projects/LD39/Content/LD39Custom/Maps/TestMap1.umap" TEMPLATE=0 SHOWPROGRESS=1 FEATURELEVEL=3
[2017.07.29-04.33.09:929][ 29]LightingResults: New page: Lighting Build
[2017.07.29-04.33.09:930][ 29]LoadErrors: New page: Loading map: TestMap1.umap
[2017.07.29-04.33.09:931][ 29]MapCheck: New page: Map Check
[2017.07.29-04.33.09:931][ 29]LightingResults: New page: Lighting Build
[2017.07.29-04.33.10:009][ 29]LogEditorServer: Finished looking for orphan Actors (0.000 secs)
[2017.07.29-04.33.10:060][ 29]Cmd: MAP CHECKDEP NOCLEARLOG
[2017.07.29-04.33.10:097][ 29]MapCheck: Info Map check complete: 0 Error(s), 0 Warning(s), took 35.843ms to complete.
[2017.07.29-04.33.10:099][ 29]LogFileHelpers: Loading map 'TestMap1' took 0.171
[2017.07.29-04.33.13:971][446]LogEditorViewport: Clicking on Actor (LMB): BP_Peon_C (BP_Peon)
[2017.07.29-04.33.24:165][325]LogEditorViewport: Clicking on Actor (LMB): BP_Peon_C (BP_Peon)
[2017.07.29-04.33.39:544][646]LogSlate: Took 0.000182 seconds to synchronously load lazily loaded font '../../../Engine/Content/Slate/Fonts/Roboto-Light.ttf' (159K)
[2017.07.29-04.33.59:665][210]LogMaterial: Missing cached shader map for material Mat_SelectionDecal, compiling. 
[2017.07.29-04.33.59:857][210]LogMaterial: Missing cached shader map for material Mat_SelectionDecal, compiling. 
[2017.07.29-04.33.59:897][210]LogMaterial: Missing cached shader map for material Mat_SelectionDecal, compiling. 
[2017.07.29-04.34.05:421][650]MaterialEditorStats: Info Base pass shader: 78 instructions
[2017.07.29-04.34.05:421][650]MaterialEditorStats: Info Vertex shader: 29 instructions
[2017.07.29-04.34.05:421][650]MaterialEditorStats: Info Texture samplers: 1/16
[2017.07.29-04.34.07:735][847]LogMaterial: Missing cached shader map for material Mat_SelectionDecal, compiling. 
[2017.07.29-04.34.07:746][847]LogMaterial: Missing cached shader map for material FMatExpressionPreview MaterialExpressionTextureSample_0, compiling. 
[2017.07.29-04.34.07:794][847]LogMaterial: Missing cached shader map for material FMatExpressionPreview MaterialExpressionTextureSample_0, compiling. 
[2017.07.29-04.34.11:131][124]LogMaterial: Missing cached shader map for material Mat_SelectionDecal, compiling. 
[2017.07.29-04.34.11:147][124]LogMaterial: Missing cached shader map for material FMatExpressionPreview MaterialExpressionTextureSample_0, compiling. 
[2017.07.29-04.34.15:165][460]MaterialEditorStats: Info Base pass shader: 81 instructions
[2017.07.29-04.34.15:165][460]MaterialEditorStats: Info Vertex shader: 31 instructions
[2017.07.29-04.34.15:165][460]MaterialEditorStats: Info Texture samplers: 2/16
[2017.07.29-04.34.15:165][460]MaterialEditorStats: Info User interpolators: 2/4 Scalars (1/4 Vectors) (TexCoords: 2, Custom: 0)
[2017.07.29-04.34.20:300][936]LogMaterial: Missing cached shader map for material Mat_SelectionDecal, compiling. 
[2017.07.29-04.34.20:301][936]LogMaterial:Warning: Failed to compile Material /Engine/Transient.Mat_SelectionDecal for platform PCD3D_SM5, Default Material will be used in game.
[2017.07.29-04.34.20:301][936]LogMaterial:Warning: 	Material using the DeferredDecal domain need to use the BlendModel Translucent (this saves performance)
[2017.07.29-04.34.20:308][936]LogMaterial: Missing cached shader map for material Mat_SelectionDecal, compiling. 
[2017.07.29-04.34.20:308][936]LogMaterial:Warning: Failed to compile Material /Engine/Transient.Mat_SelectionDecal for platform PCD3D_SM5, Default Material will be used in game.
[2017.07.29-04.34.20:308][936]LogMaterial:Warning: 	Material using the DeferredDecal domain need to use the BlendModel Translucent (this saves performance)
[2017.07.29-04.34.20:311][936]MaterialEditorStats:Error: Error [SM5] Material using the DeferredDecal domain need to use the BlendModel Translucent (this saves performance)
[2017.07.29-04.34.30:077][851]LogMaterial: Missing cached shader map for material Mat_SelectionDecal, compiling. 
[2017.07.29-04.34.30:077][851]LogMaterial:Warning: Failed to compile Material /Engine/Transient.Mat_SelectionDecal for platform PCD3D_SM5, Default Material will be used in game.
[2017.07.29-04.34.30:077][851]LogMaterial:Warning: 	Material using the DeferredDecal domain need to use the BlendModel Translucent (this saves performance)
[2017.07.29-04.34.30:080][851]LogMaterial: Missing cached shader map for material FMatExpressionPreview MaterialExpressionConstant4Vector_0, compiling. 
[2017.07.29-04.34.37:641][606]LogMaterial: Missing cached shader map for material Mat_SelectionDecal, compiling. 
[2017.07.29-04.34.37:641][606]LogMaterial:Warning: Failed to compile Material /Engine/Transient.Mat_SelectionDecal for platform PCD3D_SM5, Default Material will be used in game.
[2017.07.29-04.34.37:641][606]LogMaterial:Warning: 	Material using the DeferredDecal domain need to use the BlendModel Translucent (this saves performance)
[2017.07.29-04.34.37:644][606]LogMaterial: Missing cached shader map for material Mat_SelectionDecal, compiling. 
[2017.07.29-04.34.37:644][606]LogMaterial:Warning: Failed to compile Material /Engine/Transient.Mat_SelectionDecal for platform PCD3D_SM5, Default Material will be used in game.
[2017.07.29-04.34.37:644][606]LogMaterial:Warning: 	Material using the DeferredDecal domain need to use the BlendModel Translucent (this saves performance)
[2017.07.29-04.34.37:669][606]LogMaterial: Missing cached shader map for material FMatExpressionPreview MaterialExpressionConstant4Vector_0, compiling. 
[2017.07.29-04.34.42:862][ 93]LogMaterial: Missing cached shader map for material Mat_SelectionDecal, compiling. 
[2017.07.29-04.34.42:863][ 93]LogMaterial:Warning: Failed to compile Material /Engine/Transient.Mat_SelectionDecal for platform PCD3D_SM5, Default Material will be used in game.
[2017.07.29-04.34.42:863][ 93]LogMaterial:Warning: 	Material using the DeferredDecal domain need to use the BlendModel Translucent (this saves performance)
[2017.07.29-04.34.42:870][ 93]LogMaterial: Missing cached shader map for material FMatExpressionPreview MaterialExpressionTextureSample_0, compiling. 
[2017.07.29-04.34.44:924][285]LogMaterial: Missing cached shader map for material Mat_SelectionDecal, compiling. 
[2017.07.29-04.34.44:924][285]LogMaterial:Warning: Failed to compile Material /Engine/Transient.Mat_SelectionDecal for platform PCD3D_SM5, Default Material will be used in game.
[2017.07.29-04.34.44:924][285]LogMaterial:Warning: 	(Node Multiply) Arithmetic between types float4 and float3 are undefined
[2017.07.29-04.34.44:924][285]LogMaterial:Warning: 	Material using the DeferredDecal domain need to use the BlendModel Translucent (this saves performance)
[2017.07.29-04.34.44:925][285]MaterialEditorStats:Error: Error [SM5] (Node Multiply) Arithmetic between types float4 and float3 are undefined
[2017.07.29-04.34.44:925][285]MaterialEditorStats:Error: Error [SM5] Material using the DeferredDecal domain need to use the BlendModel Translucent (this saves performance)
[2017.07.29-04.34.56:445][377]LogMaterial: Missing cached shader map for material Mat_SelectionDecal, compiling. 
[2017.07.29-04.34.56:445][377]LogMaterial:Warning: Failed to compile Material /Engine/Transient.Mat_SelectionDecal for platform PCD3D_SM5, Default Material will be used in game.
[2017.07.29-04.34.56:445][377]LogMaterial:Warning: 	Material using the DeferredDecal domain need to use the BlendModel Translucent (this saves performance)
[2017.07.29-04.34.56:446][377]MaterialEditorStats:Error: Error [SM5] Material using the DeferredDecal domain need to use the BlendModel Translucent (this saves performance)
[2017.07.29-04.34.57:923][511]LogMaterial: Missing cached shader map for material Mat_SelectionDecal, compiling. 
[2017.07.29-04.34.57:923][511]LogMaterial:Warning: Failed to compile Material /Engine/Transient.Mat_SelectionDecal for platform PCD3D_SM5, Default Material will be used in game.
[2017.07.29-04.34.57:923][511]LogMaterial:Warning: 	Material using the DeferredDecal domain need to use the BlendModel Translucent (this saves performance)
[2017.07.29-04.34.57:925][511]LogMaterial: Missing cached shader map for material FMatExpressionPreview MaterialExpressionConstant3Vector_0, compiling. 
[2017.07.29-04.35.00:578][761]LogMaterial: Missing cached shader map for material Mat_SelectionDecal, compiling. 
[2017.07.29-04.35.00:578][761]LogMaterial:Warning: Failed to compile Material /Engine/Transient.Mat_SelectionDecal for platform PCD3D_SM5, Default Material will be used in game.
[2017.07.29-04.35.00:578][761]LogMaterial:Warning: 	Material using the DeferredDecal domain need to use the BlendModel Translucent (this saves performance)
[2017.07.29-04.35.00:584][761]LogMaterial: Missing cached shader map for material FMatExpressionPreview MaterialExpressionConstant3Vector_0, compiling. 
[2017.07.29-04.35.06:083][248]LogMaterial: Missing cached shader map for material Mat_SelectionDecal, compiling. 
[2017.07.29-04.35.06:084][248]LogMaterial:Warning: Failed to compile Material /Engine/Transient.Mat_SelectionDecal for platform PCD3D_SM5, Default Material will be used in game.
[2017.07.29-04.35.06:084][248]LogMaterial:Warning: 	Material using the DeferredDecal domain need to use the BlendModel Translucent (this saves performance)
[2017.07.29-04.35.06:090][248]LogMaterial: Missing cached shader map for material FMatExpressionPreview MaterialExpressionConstant3Vector_0, compiling. 
[2017.07.29-04.35.14:660][ 57]LogMaterial: Missing cached shader map for material Mat_SelectionDecal, compiling. 
[2017.07.29-04.35.14:660][ 57]LogMaterial:Warning: Failed to compile Material /Engine/Transient.Mat_SelectionDecal for platform PCD3D_SM5, Default Material will be used in game.
[2017.07.29-04.35.14:660][ 57]LogMaterial:Warning: 	Material using the DeferredDecal domain need to use the BlendModel Translucent (this saves performance)
[2017.07.29-04.35.24:696][957]LogMaterial: Missing cached shader map for material Mat_SelectionDecal, compiling. 
[2017.07.29-04.35.24:696][957]LogMaterial:Warning: Failed to compile Material /Engine/Transient.Mat_SelectionDecal for platform PCD3D_SM5, Default Material will be used in game.
[2017.07.29-04.35.24:696][957]LogMaterial:Warning: 	Material using the DeferredDecal domain need to use the BlendModel Translucent (this saves performance)
[2017.07.29-04.35.24:701][957]LogMaterial: Missing cached shader map for material FMatExpressionPreview MaterialExpressionTextureSample_0, compiling. 
[2017.07.29-04.35.31:660][574]LogMaterialEditor: Saving and Compiling material Mat_SelectionDecal
[2017.07.29-04.35.38:035][574]Cmd: OBJ SAVEPACKAGE PACKAGE="/Game/LD39Custom/RawResources/TestMats/Mat_SelectionDecal" FILE="../../../../../Projects/LD39/Content/LD39Custom/RawResources/TestMats/Mat_SelectionDecal.uasset" SILENT=true
[2017.07.29-04.35.38:049][574]LogSavePackage: Save=13.05ms
[2017.07.29-04.35.38:049][574]LogSavePackage: Moving '../../../../../Projects/LD39/Saved/Mat_SelectionDecal4B4DFF5D477B779C3CF187B2576840E1.tmp' to '../../../../../Projects/LD39/Content/LD39Custom/RawResources/TestMats/Mat_SelectionDecal.uasset'
[2017.07.29-04.35.38:051][574]LogSavePackage:Display: Finished SavePackage ../../../../../Projects/LD39/Content/LD39Custom/RawResources/TestMats/Mat_SelectionDecal.uasset
[2017.07.29-04.35.43:273][ 38]LogMaterial: Missing cached shader map for material Mat_SelectionDecal, compiling. 
[2017.07.29-04.35.43:273][ 38]LogMaterial:Warning: Failed to compile Material /Engine/Transient.Mat_SelectionDecal for platform PCD3D_SM5, Default Material will be used in game.
[2017.07.29-04.35.43:273][ 38]LogMaterial:Warning: 	Material using the DeferredDecal domain need to use the BlendModel Translucent (this saves performance)
[2017.07.29-04.35.43:282][ 38]LogMaterial: Missing cached shader map for material FMatExpressionPreview MaterialExpressionTextureSample_0, compiling. 
[2017.07.29-04.35.45:113][199]LogMaterialEditor: Saving and Compiling material Mat_SelectionDecal
[2017.07.29-04.35.49:121][199]Cmd: OBJ SAVEPACKAGE PACKAGE="/Game/LD39Custom/RawResources/TestMats/Mat_SelectionDecal" FILE="../../../../../Projects/LD39/Content/LD39Custom/RawResources/TestMats/Mat_SelectionDecal.uasset" SILENT=true
[2017.07.29-04.35.49:152][199]LogSavePackage: Save=16.03ms
[2017.07.29-04.35.49:152][199]LogSavePackage: Moving '../../../../../Projects/LD39/Saved/Mat_SelectionDecalDC3700E842BCA6C49C76DCAE37BC1868.tmp' to '../../../../../Projects/LD39/Content/LD39Custom/RawResources/TestMats/Mat_SelectionDecal.uasset'
[2017.07.29-04.35.49:152][199]LogSavePackage:Display: Finished SavePackage ../../../../../Projects/LD39/Content/LD39Custom/RawResources/TestMats/Mat_SelectionDecal.uasset
[2017.07.29-04.35.56:822][900]LogMaterial: Missing cached shader map for material Mat_SelectionDecal, compiling. 
[2017.07.29-04.35.56:850][900]LogMaterial: Missing cached shader map for material Mat_SelectionDecal, compiling. 
[2017.07.29-04.35.59:466][117]LogMaterialEditor: Saving and Compiling material Mat_SelectionDecal
[2017.07.29-04.36.00:026][117]LogMaterial: Missing cached shader map for material Mat_SelectionDecal, compiling. 
[2017.07.29-04.36.00:077][117]LogMaterial: Missing cached shader map for material Mat_SelectionDecal, compiling. 
[2017.07.29-04.36.00:106][117]LogMaterial: Missing cached shader map for material Mat_SelectionDecal, compiling. 
[2017.07.29-04.36.00:151][117]TextureStreamingBuild:Display: Compiling optional shaders took 0.002 seconds.
[2017.07.29-04.36.05:236][117]Cmd: OBJ SAVEPACKAGE PACKAGE="/Game/LD39Custom/RawResources/TestMats/Mat_SelectionDecal" FILE="../../../../../Projects/LD39/Content/LD39Custom/RawResources/TestMats/Mat_SelectionDecal.uasset" SILENT=true
[2017.07.29-04.36.05:250][117]LogSavePackage: Save=12.63ms
[2017.07.29-04.36.05:250][117]LogSavePackage: Moving '../../../../../Projects/LD39/Saved/Mat_SelectionDecal4648FCE743B15FDDDEF8D4A1FC7D1202.tmp' to '../../../../../Projects/LD39/Content/LD39Custom/RawResources/TestMats/Mat_SelectionDecal.uasset'
[2017.07.29-04.36.05:252][117]LogSavePackage:Display: Finished SavePackage ../../../../../Projects/LD39/Content/LD39Custom/RawResources/TestMats/Mat_SelectionDecal.uasset
[2017.07.29-04.36.05:256][117]MaterialEditorStats: Info Base pass shader: 53 instructions
[2017.07.29-04.36.05:256][117]MaterialEditorStats: Info Vertex shader: 123 instructions
[2017.07.29-04.36.05:256][117]MaterialEditorStats: Info Texture samplers: 5/16
[2017.07.29-04.36.05:256][117]MaterialEditorStats: Info User interpolators: 2/4 Scalars (1/4 Vectors) (TexCoords: 2, Custom: 0)
[2017.07.29-04.36.29:396][710]LogEditorViewport: Clicking on Actor (LMB): BP_Peon_C (BP_Peon)
[2017.07.29-04.36.41:645][673]LogEditorTransaction: Undo Modify Component(s)
[2017.07.29-04.36.41:690][673]LogMaterial: Missing cached shader map for material Mat_SelectionDecal, compiling. 
[2017.07.29-04.36.51:733][479]MaterialEditorStats: Info Base pass shader: 53 instructions
[2017.07.29-04.36.51:733][479]MaterialEditorStats: Info Vertex shader: 123 instructions
[2017.07.29-04.36.51:734][479]MaterialEditorStats: Info Texture samplers: 5/16
[2017.07.29-04.36.51:734][479]MaterialEditorStats: Info User interpolators: 2/4 Scalars (1/4 Vectors) (TexCoords: 2, Custom: 0)
[2017.07.29-04.37.00:858][276]LogEditorTransaction: Undo Modify Component(s)
[2017.07.29-04.37.00:885][276]LogMaterial: Missing cached shader map for material Mat_SelectionDecal, compiling. 
[2017.07.29-04.37.07:499][800]MaterialEditorStats: Info Base pass shader: 53 instructions
[2017.07.29-04.37.07:499][800]MaterialEditorStats: Info Vertex shader: 123 instructions
[2017.07.29-04.37.07:499][800]MaterialEditorStats: Info Texture samplers: 5/16
[2017.07.29-04.37.07:499][800]MaterialEditorStats: Info User interpolators: 2/4 Scalars (1/4 Vectors) (TexCoords: 2, Custom: 0)
[2017.07.29-04.37.49:210][313]Cmd: OBJ SAVEPACKAGE PACKAGE="/Game/LD39Custom/Maps/TestMap1" FILE="../../../../../Projects/LD39/Content/LD39Custom/Maps/TestMap1.umap" SILENT=true AUTOSAVING=false KEEPDIRTY=false
[2017.07.29-04.37.49:313][313]LogSavePackage: Save=80.10ms
[2017.07.29-04.37.49:313][313]LogSavePackage: Moving '../../../../../Projects/LD39/Saved/TestMap1CE766CEE48D2C7DA43508998FF72D2A5.tmp' to '../../../../../Projects/LD39/Content/LD39Custom/Maps/TestMap1.umap'
[2017.07.29-04.37.49:314][313]LogSavePackage:Display: Finished SavePackage ../../../../../Projects/LD39/Content/LD39Custom/Maps/TestMap1.umap
[2017.07.29-04.39.36:769][143]BlueprintLog: New page: Compile BP_Peon
[2017.07.29-04.39.36:812][143]LogUObjectGlobals:Warning: Guid referenced by CapsuleComponent /Game/LD39Custom/Maps/TestMap1.TestMap1:PersistentLevel.BP_Peon_241.CollisionCylinder is already used by CapsuleComponent /Game/LD39Custom/Maps/TestMap1.TestMap1:PersistentLevel.REINST_BP_Peon_C_0.CollisionCylinder, which should never happen in the editor but could happen at runtime with duplicate level loading or PIE
[2017.07.29-04.39.36:812][143]LogUObjectGlobals:Warning: Guid referenced by ArrowComponent /Game/LD39Custom/Maps/TestMap1.TestMap1:PersistentLevel.BP_Peon_241.Arrow is already used by ArrowComponent /Game/LD39Custom/Maps/TestMap1.TestMap1:PersistentLevel.REINST_BP_Peon_C_0.Arrow, which should never happen in the editor but could happen at runtime with duplicate level loading or PIE
[2017.07.29-04.39.36:812][143]LogUObjectGlobals:Warning: Guid referenced by CharacterMovementComponent /Game/LD39Custom/Maps/TestMap1.TestMap1:PersistentLevel.BP_Peon_241.CharMoveComp is already used by CharacterMovementComponent /Game/LD39Custom/Maps/TestMap1.TestMap1:PersistentLevel.REINST_BP_Peon_C_0.CharMoveComp, which should never happen in the editor but could happen at runtime with duplicate level loading or PIE
[2017.07.29-04.39.36:812][143]LogUObjectGlobals:Warning: Guid referenced by SkeletalMeshComponent /Game/LD39Custom/Maps/TestMap1.TestMap1:PersistentLevel.BP_Peon_241.CharacterMesh0 is already used by SkeletalMeshComponent /Game/LD39Custom/Maps/TestMap1.TestMap1:PersistentLevel.REINST_BP_Peon_C_0.CharacterMesh0, which should never happen in the editor but could happen at runtime with duplicate level loading or PIE
[2017.07.29-04.39.37:664][183]Cmd: OBJ SAVEPACKAGE PACKAGE="/Game/LD39Custom/Blueprints/Characters/Peon/BP_Peon" FILE="../../../../../Projects/LD39/Content/LD39Custom/Blueprints/Characters/Peon/BP_Peon.uasset" SILENT=true
[2017.07.29-04.39.37:749][183]LogSavePackage: Save=77.30ms
[2017.07.29-04.39.37:749][183]LogSavePackage: Moving '../../../../../Projects/LD39/Saved/BP_Peon263FB9404FB599F80036F1923624927C.tmp' to '../../../../../Projects/LD39/Content/LD39Custom/Blueprints/Characters/Peon/BP_Peon.uasset'
[2017.07.29-04.39.37:751][183]LogSavePackage:Display: Finished SavePackage ../../../../../Projects/LD39/Content/LD39Custom/Blueprints/Characters/Peon/BP_Peon.uasset
[2017.07.29-04.40.02:515][513]BlueprintLog: New page: Compile BP_Peon
[2017.07.29-04.40.03:078][555]Cmd: OBJ SAVEPACKAGE PACKAGE="/Game/LD39Custom/Blueprints/Characters/Peon/BP_Peon" FILE="../../../../../Projects/LD39/Content/LD39Custom/Blueprints/Characters/Peon/BP_Peon.uasset" SILENT=true
[2017.07.29-04.40.03:139][555]LogSavePackage: Save=57.90ms
[2017.07.29-04.40.03:139][555]LogSavePackage: Moving '../../../../../Projects/LD39/Saved/BP_Peon404C051F4ED6F3EE8F5A568B159EC40E.tmp' to '../../../../../Projects/LD39/Content/LD39Custom/Blueprints/Characters/Peon/BP_Peon.uasset'
[2017.07.29-04.40.03:140][555]LogSavePackage:Display: Finished SavePackage ../../../../../Projects/LD39/Content/LD39Custom/Blueprints/Characters/Peon/BP_Peon.uasset
[2017.07.29-04.40.04:197][655]LogTemp: Repeting last play command: Selected Viewport
[2017.07.29-04.40.04:305][655]LogPlayLevel: PlayLevel: No blueprints needed recompiling
[2017.07.29-04.40.04:359][655]PIE: New page: PIE session: TestMap1 (Jul 28, 2017, 8:40:04 PM)
[2017.07.29-04.40.04:359][655]LogPlayLevel: Creating play world package: /Game/LD39Custom/Maps/UEDPIE_0_TestMap1
[2017.07.29-04.40.04:396][655]LogPlayLevel: PIE: StaticDuplicateObject took: (0.036835s)
[2017.07.29-04.40.04:397][655]LogAIModule: Creating AISystem for world TestMap1
[2017.07.29-04.40.04:397][655]LogPlayLevel: PIE: World Init took: (0.000615s)
[2017.07.29-04.40.04:406][655]LogPlayLevel: PIE: Created PIE world by copying editor world from /Game/LD39Custom/Maps/TestMap1.TestMap1 to /Game/LD39Custom/Maps/UEDPIE_0_TestMap1.TestMap1 (0.046817s)
[2017.07.29-04.40.04:475][655]LogInit: XAudio2 using 'Speakers (Realtek High Definition Audio)' : 6 channels at 48 kHz using 32 bits per sample (channel mask 0x3f)
[2017.07.29-04.40.04:483][655]LogInit: FAudioDevice initialized.
[2017.07.29-04.40.04:539][655]LogLoad: Game class is 'GM_LD39_C'
[2017.07.29-04.40.04:656][655]LogWorld: Bringing World /Game/LD39Custom/Maps/UEDPIE_0_TestMap1.TestMap1 up for play (max tick rate 0) at 2017.07.29-00.40.04
[2017.07.29-04.40.04:753][655]LogWorld: Bringing up level for play took: 0.114995
[2017.07.29-04.40.04:843][655]LogContentBrowser: Native class hierarchy updated for 'MovieSceneCapture' in 0.0006 seconds. Added 11 classes and 0 folders.
[2017.07.29-04.40.04:872][655]PIE: Info Play in editor start time for /Game/LD39Custom/Maps/UEDPIE_0_TestMap1 0.128
[2017.07.29-04.40.05:098][656]LogRenderer: Reallocating scene render targets to support 1432x708 NumSamples 1 (Frame:1).
[2017.07.29-04.40.24:664][608]LogDirectoryWatcher:Warning: Failed to begin reading directory changes for ../../../../../Projects/LD39/Plugins/. Error: The system cannot find the file specified. (0x00000002)
[2017.07.29-04.40.32:661][218]Cmd: OBJ SAVEPACKAGE PACKAGE="/Game/LD39Custom/Maps/TestMap1" FILE="../../../../../Projects/LD39/Content/LD39Custom/Maps/TestMap1.umap" SILENT=true AUTOSAVING=false KEEPDIRTY=false
[2017.07.29-04.40.32:732][218]LogSavePackage: Save=56.73ms
[2017.07.29-04.40.32:732][218]LogSavePackage: Moving '../../../../../Projects/LD39/Saved/TestMap1A3D321804564DB298608D8BDCA329B16.tmp' to '../../../../../Projects/LD39/Content/LD39Custom/Maps/TestMap1.umap'
[2017.07.29-04.40.32:733][218]LogSavePackage:Display: Finished SavePackage ../../../../../Projects/LD39/Content/LD39Custom/Maps/TestMap1.umap
[2017.07.29-04.40.32:753][218]LogFileHelpers: Saving map 'TestMap1' took 0.130
[2017.07.29-04.40.34:078][346]Cmd: CLOSE_SLATE_MAINFRAME
[2017.07.29-04.40.37:463][346]LogMaterial: Missing cached shader map for material Mat_SelectionDecal, compiling. 
[2017.07.29-04.40.37:504][346]LogMaterial: Missing cached shader map for material Mat_SelectionDecal, compiling. 
[2017.07.29-04.40.37:525][346]LogMaterial: Missing cached shader map for material Mat_SelectionDecal, compiling. 
[2017.07.29-04.40.37:554][346]TextureStreamingBuild:Display: Compiling optional shaders took 0.000 seconds.
[2017.07.29-04.40.42:482][346]Cmd: OBJ SAVEPACKAGE PACKAGE="/Game/LD39Custom/RawResources/TestMats/Mat_SelectionDecal" FILE="../../../../../Projects/LD39/Content/LD39Custom/RawResources/TestMats/Mat_SelectionDecal.uasset" SILENT=true
[2017.07.29-04.40.42:497][346]LogSavePackage: Save=12.44ms
[2017.07.29-04.40.42:497][346]LogSavePackage: Moving '../../../../../Projects/LD39/Saved/Mat_SelectionDecalA1B24146465291C497D9E78394599C3F.tmp' to '../../../../../Projects/LD39/Content/LD39Custom/RawResources/TestMats/Mat_SelectionDecal.uasset'
[2017.07.29-04.40.42:498][346]LogSavePackage:Display: Finished SavePackage ../../../../../Projects/LD39/Content/LD39Custom/RawResources/TestMats/Mat_SelectionDecal.uasset
[2017.07.29-04.40.42:770][346]LogDirectoryWatcher: A directory notification for '../../../Engine/Plugins/' was aborted.
[2017.07.29-04.40.42:780][346]LogWindowsTextInputMethodSystem:Display: IME system now deactivated.
[2017.07.29-04.40.42:781][346]LogWindowsTextInputMethodSystem:Display: IME system now deactivated.
[2017.07.29-04.40.43:011][347]Cmd: QUIT_EDITOR
[2017.07.29-04.40.43:176][347]LogExit: Preparing to exit.
[2017.07.29-04.40.44:254][347]LogDirectoryWatcher: A directory notification for 'F:/Projects/LD39/Content/' was aborted.
[2017.07.29-04.40.44:286][347]LogExit: Editor shut down
[2017.07.29-04.40.44:289][347]LogExit: Transaction tracking system shut down
[2017.07.29-04.40.44:396][347]LogObj: Freed 0b from 0 cluster array pools.
[2017.07.29-04.40.44:396][347]LogExit: Object subsystem successfully closed.
[2017.07.29-04.40.44:416][347]LogD3D11RHI: Shutdown
[2017.07.29-04.40.44:416][347]LogD3D11RHI: CleanupD3DDevice
[2017.07.29-04.40.44:566][347]LogD3D11RHI: ~FD3D11DynamicRHI
[2017.07.29-04.40.44:575][347]LogModuleManager: Shutting down and abandoning module MovieSceneCapture (534)
[2017.07.29-04.40.44:575][347]LogModuleManager: Shutting down and abandoning module MaterialEditor (532)
[2017.07.29-04.40.44:575][347]LogModuleManager: Shutting down and abandoning module BlueprintGraph (530)
[2017.07.29-04.40.44:575][347]LogModuleManager: Shutting down and abandoning module BlueprintProfiler (528)
[2017.07.29-04.40.44:607][347]LogModuleManager: Shutting down and abandoning module TextureEditor (526)
[2017.07.29-04.40.44:607][347]LogModuleManager: Shutting down and abandoning module HierarchicalLODOutliner (524)
[2017.07.29-04.40.44:607][347]LogModuleManager: Shutting down and abandoning module CrashTracker (522)
[2017.07.29-04.40.44:607][347]LogModuleManager: Shutting down and abandoning module SceneOutliner (520)
[2017.07.29-04.40.44:607][347]LogModuleManager: Shutting down and abandoning module AddContentDialog (518)
[2017.07.29-04.40.44:622][347]LogDirectoryWatcher: A directory notification for 'F:/UnrealEngine/UE_4.16/FeaturePacks/' was aborted.
[2017.07.29-04.40.44:623][347]LogModuleManager: Shutting down and abandoning module WidgetCarousel (517)
[2017.07.29-04.40.44:623][347]LogModuleManager: Shutting down and abandoning module EditorWidgets (514)
[2017.07.29-04.40.44:623][347]LogModuleManager: Shutting down and abandoning module CollectionManager (512)
[2017.07.29-04.40.44:623][347]LogDirectoryWatcher: A directory notification for 'F:/Projects/LD39/Content/Collections/' was aborted.
[2017.07.29-04.40.44:623][347]LogDirectoryWatcher: A directory notification for 'F:/Projects/LD39/Content/Developers/Robby/Collections/' was aborted.
[2017.07.29-04.40.44:623][347]LogDirectoryWatcher: A directory notification for 'F:/Projects/LD39/Saved/Collections/' was aborted.
[2017.07.29-04.40.44:623][347]LogModuleManager: Shutting down and abandoning module StatsViewer (510)
[2017.07.29-04.40.44:623][347]LogModuleManager: Shutting down and abandoning module FoliageEdit (508)
[2017.07.29-04.40.44:623][347]LogModuleManager: Shutting down and abandoning module LandscapeEditor (506)
[2017.07.29-04.40.44:623][347]LogModuleManager: Shutting down and abandoning module MeshPaintMode (504)
[2017.07.29-04.40.44:623][347]LogModuleManager: Shutting down and abandoning module SceneDepthPickerMode (502)
[2017.07.29-04.40.44:623][347]LogModuleManager: Shutting down and abandoning module ActorPickerMode (500)
[2017.07.29-04.40.44:623][347]LogModuleManager: Shutting down and abandoning module GeometryMode (498)
[2017.07.29-04.40.44:623][347]LogModuleManager: Shutting down and abandoning module TextureAlignMode (496)
[2017.07.29-04.40.44:623][347]LogModuleManager: Shutting down and abandoning module BspMode (494)
[2017.07.29-04.40.44:623][347]LogModuleManager: Shutting down and abandoning module HardwareSurvey (492)
[2017.07.29-04.40.44:623][347]LogModuleManager: Shutting down and abandoning module SequenceRecorderSections (490)
[2017.07.29-04.40.44:623][347]LogModuleManager: Shutting down and abandoning module AutomationWorker (488)
[2017.07.29-04.40.44:623][347]LogModuleManager: Shutting down and abandoning module MatineeToLevelSequence (486)
[2017.07.29-04.40.44:623][347]LogModuleManager: Shutting down and abandoning module LevelSequenceEditor (484)
[2017.07.29-04.40.44:623][347]LogModuleManager: Shutting down and abandoning module PlacementMode (483)
[2017.07.29-04.40.44:623][347]LogModuleManager: Shutting down and abandoning module WmfMediaFactory (480)
[2017.07.29-04.40.44:623][347]LogModuleManager: Shutting down and abandoning module WmfMediaEditor (478)
[2017.07.29-04.40.44:623][347]LogModuleManager: Shutting down and abandoning module AvfMediaFactory (476)
[2017.07.29-04.40.44:623][347]LogModuleManager: Shutting down and abandoning module AvfMediaEditor (474)
[2017.07.29-04.40.44:623][347]LogModuleManager: Shutting down and abandoning module AndroidMediaFactory (472)
[2017.07.29-04.40.44:623][347]LogModuleManager: Shutting down and abandoning module Media (471)
[2017.07.29-04.40.44:623][347]LogModuleManager: Shutting down and abandoning module AndroidMediaEditor (468)
[2017.07.29-04.40.44:623][347]LogModuleManager: Shutting down and abandoning module CharacterAI (466)
[2017.07.29-04.40.44:623][347]LogModuleManager: Shutting down and abandoning module AudioCapture (464)
[2017.07.29-04.40.44:623][347]LogModuleManager: Shutting down and abandoning module SequenceRecorder (463)
[2017.07.29-04.40.44:623][347]LogModuleManager: Shutting down and abandoning module SmartSnapping (460)
[2017.07.29-04.40.44:623][347]LogModuleManager: Shutting down and abandoning module SessionServices (458)
[2017.07.29-04.40.44:623][347]LogModuleManager: Shutting down and abandoning module ViewportSnapping (456)
[2017.07.29-04.40.44:623][347]LogModuleManager: Shutting down and abandoning module ViewportInteraction (454)
[2017.07.29-04.40.44:623][347]LogModuleManager: Shutting down and abandoning module ClothPainter (452)
[2017.07.29-04.40.44:623][347]LogModuleManager: Shutting down and abandoning module LogVisualizer (450)
[2017.07.29-04.40.44:625][347]LogModuleManager: Shutting down and abandoning module IntroTutorials (448)
[2017.07.29-04.40.44:633][347]LogModuleManager: Shutting down and abandoning module GameProjectGeneration (447)
[2017.07.29-04.40.44:633][347]LogModuleManager: Shutting down and abandoning module EditorLiveStreaming (444)
[2017.07.29-04.40.44:633][347]LogModuleManager: Shutting down and abandoning module IOSPlatformEditor (442)
[2017.07.29-04.40.44:633][347]LogModuleManager: Shutting down and abandoning module HTML5PlatformEditor (440)
[2017.07.29-04.40.44:633][347]LogModuleManager: Shutting down and abandoning module AndroidPlatformEditor (438)
[2017.07.29-04.40.44:633][347]LogModuleManager: Shutting down and abandoning module AndroidDeviceDetection (437)
[2017.07.29-04.40.45:520][347]LogModuleManager: Shutting down and abandoning module IOSRuntimeSettings (434)
[2017.07.29-04.40.45:520][347]LogModuleManager: Shutting down and abandoning module AndroidRuntimeSettings (432)
[2017.07.29-04.40.45:520][347]LogModuleManager: Shutting down and abandoning module InputBindingEditor (430)
[2017.07.29-04.40.45:520][347]LogModuleManager: Shutting down and abandoning module MergeActors (428)
[2017.07.29-04.40.45:520][347]LogModuleManager: Shutting down and abandoning module SizeMap (426)
[2017.07.29-04.40.45:520][347]LogModuleManager: Shutting down and abandoning module TreeMap (424)
[2017.07.29-04.40.45:520][347]LogModuleManager: Shutting down and abandoning module ReferenceViewer (422)
[2017.07.29-04.40.45:520][347]LogModuleManager: Shutting down and abandoning module LocalizationDashboard (420)
[2017.07.29-04.40.45:520][347]LogModuleManager: Shutting down and abandoning module LocalizationService (419)
[2017.07.29-04.40.45:520][347]LogModuleManager: Shutting down and abandoning module HardwareTargeting (416)
[2017.07.29-04.40.45:520][347]LogModuleManager: Shutting down and abandoning module DeviceProfileEditor (414)
[2017.07.29-04.40.45:520][347]LogModuleManager: Shutting down and abandoning module UndoHistory (412)
[2017.07.29-04.40.45:520][347]LogModuleManager: Shutting down and abandoning module UserFeedback (410)
[2017.07.29-04.40.45:520][347]LogModuleManager: Shutting down and abandoning module XmlParser (408)
[2017.07.29-04.40.45:520][347]LogModuleManager: Shutting down and abandoning module Blutility (406)
[2017.07.29-04.40.45:520][347]LogModuleManager: Shutting down and abandoning module ProjectSettingsViewer (404)
[2017.07.29-04.40.45:520][347]LogModuleManager: Shutting down and abandoning module ProjectTargetPlatformEditor (403)
[2017.07.29-04.40.45:520][347]LogModuleManager: Shutting down and abandoning module EditorSettingsViewer (400)
[2017.07.29-04.40.45:520][347]LogModuleManager: Shutting down and abandoning module SettingsEditor (398)
[2017.07.29-04.40.45:520][347]LogModuleManager: Shutting down and abandoning module ProjectLauncher (396)
[2017.07.29-04.40.45:520][347]LogModuleManager: Shutting down and abandoning module SessionFrontend (394)
[2017.07.29-04.40.45:520][347]LogModuleManager: Shutting down and abandoning module ProfilerClient (392)
[2017.07.29-04.40.45:520][347]LogModuleManager: Shutting down and abandoning module DeviceManager (390)
[2017.07.29-04.40.45:520][347]LogModuleManager: Shutting down and abandoning module TargetDeviceServices (389)
[2017.07.29-04.40.45:584][347]LogModuleManager: Shutting down and abandoning module AutomationController (386)
[2017.07.29-04.40.45:584][347]LogModuleManager: Shutting down and abandoning module AutomationWindow (384)
[2017.07.29-04.40.45:584][347]LogModuleManager: Shutting down and abandoning module Layers (382)
[2017.07.29-04.40.45:584][347]LogModuleManager: Shutting down and abandoning module ComponentVisualizers (380)
[2017.07.29-04.40.45:584][347]LogModuleManager: Shutting down and abandoning module DetailCustomizations (378)
[2017.07.29-04.40.45:584][347]LogModuleManager: Shutting down and abandoning module PackagesDialog (376)
[2017.07.29-04.40.45:584][347]LogModuleManager: Shutting down and abandoning module Persona (374)
[2017.07.29-04.40.45:584][347]LogModuleManager: Shutting down and abandoning module AdvancedPreviewScene (373)
[2017.07.29-04.40.45:584][347]LogModuleManager: Shutting down and abandoning module AnimGraph (371)
[2017.07.29-04.40.45:584][347]LogModuleManager: Shutting down and abandoning module Kismet (368)
[2017.07.29-04.40.45:595][347]LogModuleManager: Shutting down and abandoning module ClassViewer (366)
[2017.07.29-04.40.45:595][347]LogModuleManager: Shutting down and abandoning module Toolbox (364)
[2017.07.29-04.40.45:595][347]LogModuleManager: Shutting down and abandoning module ModuleUI (362)
[2017.07.29-04.40.45:595][347]LogModuleManager: Shutting down and abandoning module MovieSceneTools (360)
[2017.07.29-04.40.45:595][347]LogModuleManager: Shutting down and abandoning module OutputLog (358)
[2017.07.29-04.40.45:595][347]LogModuleManager: Shutting down and abandoning module GammaUI (356)
[2017.07.29-04.40.45:595][347]LogModuleManager: Shutting down and abandoning module Documentation (354)
[2017.07.29-04.40.45:595][347]LogModuleManager: Shutting down and abandoning module MovieSceneTracks (352)
[2017.07.29-04.40.45:595][347]LogModuleManager: Shutting down and abandoning module MovieScene (350)
[2017.07.29-04.40.45:595][347]LogModuleManager: Shutting down and abandoning module Niagara (348)
[2017.07.29-04.40.45:595][347]LogModuleManager: Shutting down and abandoning module NiagaraEditor (347)
[2017.07.29-04.40.45:595][347]LogModuleManager: Shutting down and abandoning module StreamingPauseRendering (344)
[2017.07.29-04.40.45:595][347]LogModuleManager: Shutting down and abandoning module AnalyticsET (342)
[2017.07.29-04.40.45:595][347]LogModuleManager: Shutting down and abandoning module PortalServices (340)
[2017.07.29-04.40.45:595][347]LogModuleManager: Shutting down and abandoning module PortalRpc (338)
[2017.07.29-04.40.45:595][347]LogModuleManager: Shutting down and abandoning module MessagingRpc (336)
[2017.07.29-04.40.45:595][347]LogModuleManager: Shutting down and abandoning module AIModule (334)
[2017.07.29-04.40.45:595][347]LogModuleManager: Shutting down and abandoning module GameplayDebugger (333)
[2017.07.29-04.40.45:595][347]LogModuleManager: Shutting down and abandoning module AITestSuite (331)
[2017.07.29-04.40.45:595][347]LogModuleManager: Shutting down and abandoning module ProfilerService (328)
[2017.07.29-04.40.45:707][347]LogModuleManager: Shutting down and abandoning module TaskGraph (326)
[2017.07.29-04.40.45:707][347]LogModuleManager: Shutting down and abandoning module SteamVRController (324)
[2017.07.29-04.40.45:707][347]LogModuleManager: Shutting down and abandoning module SteamVR (322)
[2017.07.29-04.40.45:707][347]LogModuleManager: Shutting down and abandoning module ProceduralMeshComponentEditor (320)
[2017.07.29-04.40.45:707][347]LogModuleManager: Shutting down and abandoning module ProceduralMeshComponent (318)
[2017.07.29-04.40.45:707][347]LogModuleManager: Shutting down and abandoning module OculusLibrary (316)
[2017.07.29-04.40.45:707][347]LogModuleManager: Shutting down and abandoning module OculusInput (314)
[2017.07.29-04.40.45:707][347]LogModuleManager: Shutting down and abandoning module MobilePatchingUtils (312)
[2017.07.29-04.40.45:707][347]LogModuleManager: Shutting down and abandoning module CustomMeshComponent (310)
[2017.07.29-04.40.45:707][347]LogModuleManager: Shutting down and abandoning module CableComponent (308)
[2017.07.29-04.40.45:708][347]LogModuleManager: Shutting down and abandoning module ArchVisCharacter (306)
[2017.07.29-04.40.45:708][347]LogModuleManager: Shutting down and abandoning module AndroidPermission (304)
[2017.07.29-04.40.45:709][347]LogModuleManager: Shutting down and abandoning module MediaPlayerEditor (300)
[2017.07.29-04.40.45:709][347]LogModuleManager: Shutting down and abandoning module HTML5Networking (298)
[2017.07.29-04.40.45:709][347]LogModuleManager: Shutting down and abandoning module AlembicImporter (296)
[2017.07.29-04.40.45:709][347]LogModuleManager: Shutting down and abandoning module AlembicLibrary (295)
[2017.07.29-04.40.45:709][347]LogModuleManager: Shutting down and abandoning module GeometryCache (294)
[2017.07.29-04.40.45:709][347]LogModuleManager: Shutting down and abandoning module GeometryCacheEd (293)
[2017.07.29-04.40.45:709][347]LogModuleManager: Shutting down and abandoning module SuperSearchEditor (288)
[2017.07.29-04.40.45:709][347]LogModuleManager: Shutting down and abandoning module SuperSearch (287)
[2017.07.29-04.40.45:709][347]LogModuleManager: Shutting down and abandoning module SpeedTreeImporter (284)
[2017.07.29-04.40.45:709][347]LogModuleManager: Shutting down and abandoning module PluginBrowser (282)
[2017.07.29-04.40.45:709][347]LogModuleManager: Shutting down and abandoning module MobileLauncherProfileWizard (280)
[2017.07.29-04.40.45:709][347]LogModuleManager: Shutting down and abandoning module VisualStudioSourceCodeAccess (278)
[2017.07.29-04.40.45:709][347]LogModuleManager: Shutting down and abandoning module DesktopPlatform (277)
[2017.07.29-04.40.45:709][347]LogModuleManager: Shutting down and abandoning module UObjectPlugin (274)
[2017.07.29-04.40.45:709][347]LogModuleManager: Shutting down and abandoning module SubversionSourceControl (272)
[2017.07.29-04.40.45:709][347]LogModuleManager: Shutting down and abandoning module PerforceSourceControl (270)
[2017.07.29-04.40.45:709][347]LogModuleManager: Shutting down and abandoning module GitSourceControl (268)
[2017.07.29-04.40.45:710][347]LogModuleManager: Shutting down and abandoning module SourceControl (267)
[2017.07.29-04.40.45:710][347]LogModuleManager: Shutting down and abandoning module LightPropagationVolumeEditor (264)
[2017.07.29-04.40.45:710][347]LogModuleManager: Shutting down and abandoning module PaperTiledImporter (262)
[2017.07.29-04.40.45:710][347]LogModuleManager: Shutting down and abandoning module PaperSpriteSheetImporter (260)
[2017.07.29-04.40.45:710][347]LogModuleManager: Shutting down and abandoning module Paper2DEditor (258)
[2017.07.29-04.40.45:710][347]LogModuleManager: Shutting down and abandoning module MeshPaint (257)
[2017.07.29-04.40.45:710][347]LogModuleManager: Shutting down and abandoning module LevelEditor (255)
[2017.07.29-04.40.45:711][347]LogModuleManager: Shutting down and abandoning module PixelInspectorModule (254)
[2017.07.29-04.40.45:711][347]LogModuleManager: Shutting down and abandoning module MainFrame (252)
[2017.07.29-04.40.45:711][347]LogModuleManager: Shutting down and abandoning module HotReload (251)
[2017.07.29-04.40.45:711][347]LogModuleManager: Shutting down and abandoning module PhysXVehiclesEditor (246)
[2017.07.29-04.40.45:711][347]LogModuleManager: Shutting down and abandoning module PhysXVehicles (244)
[2017.07.29-04.40.45:711][347]LogModuleManager: Shutting down and abandoning module LocationServicesBPLibrary (242)
[2017.07.29-04.40.45:711][347]LogModuleManager: Shutting down and abandoning module ImmediatePhysicsEditor (240)
[2017.07.29-04.40.45:711][347]LogModuleManager: Shutting down and abandoning module ImmediatePhysics (238)
[2017.07.29-04.40.45:711][347]LogModuleManager: Shutting down and abandoning module UdpMessaging (236)
[2017.07.29-04.40.45:812][347]LogModuleManager: Shutting down and abandoning module TcpMessaging (234)
[2017.07.29-04.40.45:912][347]LogModuleManager: Shutting down and abandoning module GameplayTagsEditor (232)
[2017.07.29-04.40.45:912][347]LogModuleManager: Shutting down and abandoning module FacialAnimationEditor (230)
[2017.07.29-04.40.45:912][347]LogModuleManager: Shutting down and abandoning module FacialAnimation (228)
[2017.07.29-04.40.45:912][347]LogModuleManager: Shutting down and abandoning module AssetManagerEditor (226)
[2017.07.29-04.40.45:912][347]LogModuleManager: Shutting down and abandoning module GraphEditor (225)
[2017.07.29-04.40.45:912][347]LogModuleManager: Shutting down and abandoning module ContentBrowser (223)
[2017.07.29-04.40.45:913][347]LogModuleManager: Shutting down and abandoning module LightPropagationVolumeRuntime (220)
[2017.07.29-04.40.45:913][347]LogModuleManager: Shutting down and abandoning module Paper2D (218)
[2017.07.29-04.40.45:913][347]LogModuleManager: Shutting down and abandoning module WindowsMoviePlayer (216)
[2017.07.29-04.40.45:913][347]LogModuleManager: Shutting down and abandoning module WmfMedia (214)
[2017.07.29-04.40.45:913][347]LogModuleManager: Shutting down and abandoning module ClothingSystemEditor (212)
[2017.07.29-04.40.45:913][347]LogModuleManager: Shutting down and abandoning module ClothingSystemRuntime (210)
[2017.07.29-04.40.45:913][347]LogModuleManager: Shutting down and abandoning module MediaAssets (208)
[2017.07.29-04.40.45:913][347]LogModuleManager: Shutting down and abandoning module GameLiveStreaming (206)
[2017.07.29-04.40.45:913][347]LogModuleManager: Shutting down and abandoning module VREditor (204)
[2017.07.29-04.40.45:913][347]LogModuleManager: Shutting down and abandoning module StringTableEditor (202)
[2017.07.29-04.40.45:913][347]LogModuleManager: Shutting down and abandoning module GameplayTasksEditor (200)
[2017.07.29-04.40.45:913][347]LogModuleManager: Shutting down and abandoning module BehaviorTreeEditor (198)
[2017.07.29-04.40.45:913][347]LogModuleManager: Shutting down and abandoning module FunctionalTesting (196)
[2017.07.29-04.40.45:913][347]LogModuleManager: Shutting down and abandoning module CollisionAnalyzer (194)
[2017.07.29-04.40.45:913][347]LogModuleManager: Shutting down and abandoning module UMG (192)
[2017.07.29-04.40.45:913][347]LogModuleManager: Shutting down and abandoning module UMGEditor (191)
[2017.07.29-04.40.45:913][347]LogModuleManager: Shutting down and abandoning module Sequencer (190)
[2017.07.29-04.40.45:913][347]LogModuleManager: Shutting down and abandoning module AssetTools (188)
[2017.07.29-04.40.45:913][347]LogModuleManager: Shutting down and abandoning module MessageLog (187)
[2017.07.29-04.40.45:913][347]LogModuleManager: Shutting down and abandoning module WorkspaceMenuStructure (186)
[2017.07.29-04.40.45:913][347]LogModuleManager: Shutting down and abandoning module SlateReflector (180)
[2017.07.29-04.40.45:913][347]LogModuleManager: Shutting down and abandoning module Slate (178)
[2017.07.29-04.40.45:913][347]LogModuleManager: Shutting down and abandoning module EditorStyle (176)
[2017.07.29-04.40.45:915][347]LogModuleManager: Shutting down and abandoning module SourceCodeAccess (174)
[2017.07.29-04.40.45:915][347]LogModuleManager: Shutting down and abandoning module HeadMountedDisplay (172)
[2017.07.29-04.40.45:915][347]LogModuleManager: Shutting down and abandoning module XAudio2 (170)
[2017.07.29-04.40.45:915][347]LogModuleManager: Shutting down and abandoning module Networking (168)
[2017.07.29-04.40.45:915][347]LogModuleManager: Shutting down and abandoning module Core (164)
[2017.07.29-04.40.45:915][347]LogModuleManager: Shutting down and abandoning module AssetRegistry (162)
[2017.07.29-04.40.46:022][347]LogDirectoryWatcher: A directory notification for '../../../Engine/Content/' was aborted.
[2017.07.29-04.40.46:022][347]LogDirectoryWatcher: A directory notification for '../../../../../Projects/LD39/Content/' was aborted.
[2017.07.29-04.40.46:022][347]LogDirectoryWatcher: A directory notification for '../../../Engine/Plugins/2D/Paper2D/Content/' was aborted.
[2017.07.29-04.40.46:022][347]LogDirectoryWatcher: A directory notification for '../../../Engine/Plugins/Runtime/GearVR/Content/' was aborted.
[2017.07.29-04.40.46:024][347]LogModuleManager: Shutting down and abandoning module DirectoryWatcher (161)
[2017.07.29-04.40.46:025][347]LogModuleManager: Shutting down and abandoning module KismetCompiler (158)
[2017.07.29-04.40.46:025][347]LogModuleManager: Shutting down and abandoning module LevelSequence (156)
[2017.07.29-04.40.46:025][347]LogModuleManager: Shutting down and abandoning module PhysXFormats (154)
[2017.07.29-04.40.46:025][347]LogModuleManager: Shutting down and abandoning module MeshUtilities (152)
[2017.07.29-04.40.46:025][347]LogModuleManager: Shutting down and abandoning module SimplygonSwarm (151)
[2017.07.29-04.40.46:025][347]LogModuleManager: Shutting down and abandoning module SimplygonMeshReduction (149)
[2017.07.29-04.40.46:025][347]LogModuleManager: Shutting down and abandoning module QuadricMeshReduction (147)
[2017.07.29-04.40.46:025][347]LogModuleManager: Shutting down and abandoning module DerivedDataCache (144)
[2017.07.29-04.40.46:082][347]LogDerivedDataCache: Shutdown
[2017.07.29-04.40.46:082][347]LogModuleManager: Shutting down and abandoning module TargetPlatform (142)
[2017.07.29-04.40.46:082][347]LogModuleManager: Shutting down and abandoning module VulkanShaderFormat (141)
[2017.07.29-04.40.46:082][347]LogModuleManager: Shutting down and abandoning module ShaderFormatVectorVM (139)
[2017.07.29-04.40.46:082][347]LogModuleManager: Shutting down and abandoning module ShaderFormatOpenGL (137)
[2017.07.29-04.40.46:082][347]LogModuleManager: Shutting down and abandoning module ShaderFormatD3D (135)
[2017.07.29-04.40.46:082][347]LogModuleManager: Shutting down and abandoning module MetalShaderFormat (133)
[2017.07.29-04.40.46:082][347]LogModuleManager: Shutting down and abandoning module TextureFormatUncompressed (131)
[2017.07.29-04.40.46:082][347]LogModuleManager: Shutting down and abandoning module TextureFormatPVR (129)
[2017.07.29-04.40.46:082][347]LogModuleManager: Shutting down and abandoning module TextureFormatDXT (127)
[2017.07.29-04.40.46:082][347]LogModuleManager: Shutting down and abandoning module TextureFormatIntelISPCTexComp (125)
[2017.07.29-04.40.46:082][347]LogModuleManager: Shutting down and abandoning module TextureFormatASTC (123)
[2017.07.29-04.40.46:082][347]LogModuleManager: Shutting down and abandoning module ImageWrapper (122)
[2017.07.29-04.40.46:082][347]LogModuleManager: Shutting down and abandoning module TextureFormatAndroid (119)
[2017.07.29-04.40.46:082][347]LogModuleManager: Shutting down and abandoning module AudioFormatOpus (117)
[2017.07.29-04.40.46:082][347]LogModuleManager: Shutting down and abandoning module AudioFormatOgg (115)
[2017.07.29-04.40.46:082][347]LogModuleManager: Shutting down and abandoning module AudioFormatADPCM (113)
[2017.07.29-04.40.46:082][347]LogModuleManager: Shutting down and abandoning module LinuxTargetPlatform (111)
[2017.07.29-04.40.46:082][347]LogModuleManager: Shutting down and abandoning module LinuxServerTargetPlatform (109)
[2017.07.29-04.40.46:082][347]LogModuleManager: Shutting down and abandoning module LinuxNoEditorTargetPlatform (107)
[2017.07.29-04.40.46:082][347]LogModuleManager: Shutting down and abandoning module LinuxClientTargetPlatform (105)
[2017.07.29-04.40.46:082][347]LogModuleManager: Shutting down and abandoning module TVOSTargetPlatform (103)
[2017.07.29-04.40.46:082][347]LogModuleManager: Shutting down and abandoning module Messaging (101)
[2017.07.29-04.40.46:082][347]LogModuleManager: Shutting down and abandoning module IOSTargetPlatform (99)
[2017.07.29-04.40.46:082][347]LogModuleManager: Shutting down and abandoning module HTML5TargetPlatform (97)
[2017.07.29-04.40.46:082][347]LogModuleManager: Shutting down and abandoning module Android_PVRTCTargetPlatform (95)
[2017.07.29-04.40.46:082][347]LogModuleManager: Shutting down and abandoning module Android_MultiTargetPlatform (93)
[2017.07.29-04.40.46:082][347]LogModuleManager: Shutting down and abandoning module Android_ETC2TargetPlatform (91)
[2017.07.29-04.40.46:082][347]LogModuleManager: Shutting down and abandoning module Android_ETC1TargetPlatform (89)
[2017.07.29-04.40.46:082][347]LogModuleManager: Shutting down and abandoning module Android_DXTTargetPlatform (87)
[2017.07.29-04.40.46:083][347]LogModuleManager: Shutting down and abandoning module Android_ATCTargetPlatform (85)
[2017.07.29-04.40.46:083][347]LogModuleManager: Shutting down and abandoning module Android_ASTCTargetPlatform (83)
[2017.07.29-04.40.46:083][347]LogModuleManager: Shutting down and abandoning module AndroidTargetPlatform (81)
[2017.07.29-04.40.46:083][347]LogModuleManager: Shutting down and abandoning module WindowsTargetPlatform (79)
[2017.07.29-04.40.46:083][347]LogModuleManager: Shutting down and abandoning module WindowsServerTargetPlatform (77)
[2017.07.29-04.40.46:083][347]LogModuleManager: Shutting down and abandoning module WindowsNoEditorTargetPlatform (75)
[2017.07.29-04.40.46:083][347]LogModuleManager: Shutting down and abandoning module WindowsClientTargetPlatform (73)
[2017.07.29-04.40.46:083][347]LogModuleManager: Shutting down and abandoning module MacTargetPlatform (71)
[2017.07.29-04.40.46:083][347]LogModuleManager: Shutting down and abandoning module MacServerTargetPlatform (69)
[2017.07.29-04.40.46:083][347]LogModuleManager: Shutting down and abandoning module MacNoEditorTargetPlatform (67)
[2017.07.29-04.40.46:083][347]LogModuleManager: Shutting down and abandoning module MacClientTargetPlatform (65)
[2017.07.29-04.40.46:083][347]LogModuleManager: Shutting down and abandoning module AllDesktopTargetPlatform (63)
[2017.07.29-04.40.46:083][347]LogModuleManager: Shutting down and abandoning module InputCore (60)
[2017.07.29-04.40.46:083][347]LogModuleManager: Shutting down and abandoning module Settings (58)
[2017.07.29-04.40.46:083][347]LogModuleManager: Shutting down and abandoning module OculusRift (56)
[2017.07.29-04.40.46:083][347]LogModuleManager: Shutting down and abandoning module GearVRController (54)
[2017.07.29-04.40.46:083][347]LogModuleManager: Shutting down and abandoning module GearVR (52)
[2017.07.29-04.40.46:083][347]LogModuleManager: Shutting down and abandoning module ExampleDeviceProfileSelector (50)
[2017.07.29-04.40.46:083][347]LogModuleManager: Shutting down and abandoning module OnlineBlueprintSupport (48)
[2017.07.29-04.40.46:083][347]LogModuleManager: Shutting down and abandoning module OnlineSubsystem (44)
[2017.07.29-04.40.46:083][347]LogOnline:Display: Unloading online subsystem: NULL
[2017.07.29-04.40.46:083][347]LogModuleManager: Shutting down and abandoning module XMPP (43)
[2017.07.29-04.40.46:083][347]LogModuleManager: Shutting down and abandoning module HTTP (41)
[2017.07.29-04.40.46:083][347]LogHttp:Display: Http module shutting down, but needs to wait on 2 outstanding Http requests:
[2017.07.29-04.40.46:083][347]LogHttp:Display: 	verb=[POST] url=[https://datarouter.ol.epicgames.com/datarouter/api/v1/public/data?SessionID=%7B32E7FAC4-4BE9-99AE-572C-CFB1EA9265BB%7D&AppID=UEEditor.Rocket.Release&AppVersion=4.16.2-3514769%2B%2B%2BUE4%2BRelease-4.16&UserID=9704fd6c4ad9f92ea97cdeaa1f1b1902%7Cabc6c7a2a0234cce8418fd6092aac18c%7Cb12ee2c1-8693-4912-ab17-7d8161a47851&AppEnvironment=datacollector-binary&UploadType=eteventstream] status=Processing
[2017.07.29-04.40.46:083][347]LogHttp:Display: 	verb=[POST] url=[https://datarouter.ol.epicgames.com/datarouter/api/v1/public/data?SessionID=%7B32E7FAC4-4BE9-99AE-572C-CFB1EA9265BB%7D&AppID=UEEditor.Rocket.Release&AppVersion=4.16.2-3514769%2B%2B%2BUE4%2BRelease-4.16&UserID=9704fd6c4ad9f92ea97cdeaa1f1b1902%7Cabc6c7a2a0234cce8418fd6092aac18c%7Cb12ee2c1-8693-4912-ab17-7d8161a47851&AppEnvironment=datacollector-binary&UploadType=eteventstream] status=Processing
[2017.07.29-04.40.46:093][347]LogModuleManager: Shutting down and abandoning module SSL (40)
[2017.07.29-04.40.46:094][347]LogModuleManager: Shutting down and abandoning module HTTPChunkInstaller (36)
[2017.07.29-04.40.46:094][347]LogModuleManager: Shutting down and abandoning module AnimationModifiers (34)
[2017.07.29-04.40.46:094][347]LogModuleManager: Shutting down and abandoning module PropertyEditor (33)
[2017.07.29-04.40.46:094][347]LogModuleManager: Shutting down and abandoning module AudioEditor (30)
[2017.07.29-04.40.46:094][347]LogModuleManager: Shutting down and abandoning module TextureCompressor (28)
[2017.07.29-04.40.46:094][347]LogModuleManager: Shutting down and abandoning module ShaderCore (26)
[2017.07.29-04.40.46:094][347]LogModuleManager: Shutting down and abandoning module Landscape (24)
[2017.07.29-04.40.46:094][347]LogModuleManager: Shutting down and abandoning module SlateRHIRenderer (22)
[2017.07.29-04.40.46:095][347]LogModuleManager: Shutting down and abandoning module OpenGLDrv (20)
[2017.07.29-04.40.46:095][347]LogModuleManager: Shutting down and abandoning module D3D11RHI (18)
[2017.07.29-04.40.46:095][347]LogModuleManager: Shutting down and abandoning module AnimGraphRuntime (16)
[2017.07.29-04.40.46:095][347]LogModuleManager: Shutting down and abandoning module Renderer (14)
[2017.07.29-04.40.46:095][347]LogModuleManager: Shutting down and abandoning module Engine (12)
[2017.07.29-04.40.46:095][347]LogModuleManager: Shutting down and abandoning module CoreUObject (10)
[2017.07.29-04.40.46:095][347]LogModuleManager: Shutting down and abandoning module NetworkFile (8)
[2017.07.29-04.40.46:096][347]LogModuleManager: Shutting down and abandoning module StreamingFile (6)
[2017.07.29-04.40.46:096][347]LogModuleManager: Shutting down and abandoning module SandboxFile (4)
[2017.07.29-04.40.46:096][347]LogModuleManager: Shutting down and abandoning module PakFile (2)
[2017.07.29-04.40.46:097][347]LogExit: Exiting.
[2017.07.29-04.40.46:109][347]Log file closed, 07/29/17 00:40:46
