Log file open, 07/29/17 00:40:44
LogInit:Display: Running engine for game: LD39
LogPlatformFile: Not using cached read wrapper
LogInit:Display: RandInit(1832164224) SRandInit(1832164224).
LogTaskGraph: Started task graph with 5 named threads and 8 total threads with 1 sets of task threads.
LogStats: Stats thread started at 0.083561
LogInit: Using libcurl 7.47.1
LogInit:  - built for x86_64-pc-win32
LogInit:  - supports SSL with OpenSSL/1.0.2g
LogInit:  - supports HTTP deflate (compression) using libz 1.2.8
LogInit:  - other features:
LogInit:      CURL_VERSION_SSL
LogInit:      CURL_VERSION_LIBZ
LogInit:      CURL_VERSION_IPV6
LogInit:      CURL_VERSION_ASYNCHDNS
LogInit:      CURL_VERSION_LARGEFILE
LogInit:      CURL_VERSION_IDN
LogInit:  CurlRequestOptions (configurable via config and command line):
LogInit:  - bVerifyPeer = false  - Libcurl will NOT verify peer certificate
LogInit:  - bUseHttpProxy = false  - Libcurl will NOT use HTTP proxy
LogInit:  - bDontReuseConnections = false  - Libcurl will reuse connections
LogInit:  - CertBundlePath = nullptr  - Libcurl will use whatever was configured at build time.
LogInit: Build: ++UE4+Release-4.16-CL-3514769
LogInit: Engine Version: 4.16.2-3514769+++UE4+Release-4.16
LogInit: Compatible Engine Version: 4.16.0-3452394+++UE4+Release-4.16
LogInit: Net CL: 3452394
LogDevObjectVersion: Number of dev versions registered: 16
LogDevObjectVersion:   Dev-Blueprints (B0D832E4-1F89-4F0D-ACCF-7EB736FD4AA2): 9
LogDevObjectVersion:   Dev-Build (E1C64328-A22C-4D53-A36C-8E866417BD8C): 0
LogDevObjectVersion:   Dev-Core (375EC13C-06E4-48FB-B500-84F0262A717E): 2
LogDevObjectVersion:   Dev-Editor (E4B068ED-F494-42E9-A231-DA0B2E46BB41): 17
LogDevObjectVersion:   Dev-Framework (CFFC743F-43B0-4480-9391-14DF171D2073): 23
LogDevObjectVersion:   Dev-Mobile (B02B49B5-BB20-44E9-A304-32B752E40360): 0
LogDevObjectVersion:   Dev-Networking (A4E4105C-59A1-49B5-A7C5-40C4547EDFEE): 0
LogDevObjectVersion:   Dev-Online (39C831C9-5AE6-47DC-9A44-9C173E1C8E7C): 0
LogDevObjectVersion:   Dev-Physics (78F01B33-EBEA-4F98-B9B4-84EACCB95AA2): 0
LogDevObjectVersion:   Dev-Platform (6631380F-2D4D-43E0-8009-CF276956A95A): 0
LogDevObjectVersion:   Dev-Rendering (12F88B9F-8875-4AFC-A67C-D90C383ABD29): 15
LogDevObjectVersion:   Dev-Sequencer (7B5AE74C-D270-4C10-A958-57980B212A5A): 4
LogDevObjectVersion:   Dev-VR (D7296918-1DD6-4BDD-9DE2-64A83CC13884): 0
LogDevObjectVersion:   Dev-LoadTimes (C2A15278-BFE7-4AFE-6C17-90FF531DF755): 1
LogDevObjectVersion:   Private-Geometry (6EACA3D4-40EC-4CC1-B786-8BED09428FC5): 1
LogDevObjectVersion:   Dev-AnimPhys (29E575DD-E0A3-4627-9D10-D276232CDCEA): 3
LogInit: Compiled (64-bit): Jun 29 2017 02:03:24
LogInit: Compiled with Visual C++: 19.00.24215.01
LogInit: Build Configuration: Development
LogInit: Branch Name: ++UE4+Release-4.16
LogInit: Command line: -EpicPortal 
LogInit: Base directory: F:/UnrealEngine/UE_4.16/Engine/Binaries/Win64/
LogInit: Installed Engine Build: 1
LogInit: Presizing for max 8388607 objects, including 0 objects not considered by GC, pre-allocating 0 bytes for permanent pool.
LogInit: Object subsystem initialized
[2017.07.29-04.40.44:761][  0]LogInit: Selected Device Profile: [Windows]
[2017.07.29-04.40.44:761][  0]LogInit: Applying CVar settings loaded from the selected device profile: [Windows]
[2017.07.29-04.40.44:770][  0]LogInit: Computer: ROBBYS_RIG
[2017.07.29-04.40.44:770][  0]LogInit: User: Robby
[2017.07.29-04.40.44:770][  0]LogInit: CPU Page size=4096, Cores=4
[2017.07.29-04.40.44:770][  0]LogInit: High frequency timer resolution =3.417974 MHz
[2017.07.29-04.40.44:770][  0]LogMemory: Memory total: Physical=15.9GB (16GB approx)
[2017.07.29-04.40.44:770][  0]LogMemory: Platform Memory Stats for Windows
[2017.07.29-04.40.44:770][  0]LogMemory: Process Physical Memory: 272.39 MB used, 272.39 MB peak
[2017.07.29-04.40.44:770][  0]LogMemory: Process Virtual Memory: 258.89 MB used, 258.89 MB peak
[2017.07.29-04.40.44:770][  0]LogMemory: Physical Memory: 10653.81 MB used,  5590.46 MB free, 16244.28 MB total
[2017.07.29-04.40.44:770][  0]LogMemory: Virtual Memory: 635.67 MB used,  5590.46 MB free, 134217728.00 MB total
[2017.07.29-04.40.44:819][  0]LogInit: Using OS detected language (en-US).
[2017.07.29-04.40.44:819][  0]LogInit: Using OS detected locale (en-US).
[2017.07.29-04.40.44:821][  0]LogTextLocalizationManager: No specific localization for 'en-US' exists, so the 'en' localization will be used.
[2017.07.29-04.40.45:677][  0]LogD3D11RHI: D3D11 adapters:
[2017.07.29-04.40.45:703][  0]LogD3D11RHI:    0. 'NVIDIA GeForce GTX 970' (Feature Level 11_0)
[2017.07.29-04.40.45:703][  0]LogD3D11RHI:       4059/0/8122 MB DedicatedVideo/DedicatedSystem/SharedSystem, Outputs:2, VendorId:0x10de
[2017.07.29-04.40.45:708][  0]LogD3D11RHI:    1. 'Intel(R) HD Graphics 4600' (Feature Level 11_0)
[2017.07.29-04.40.45:708][  0]LogD3D11RHI:       112/0/2048 MB DedicatedVideo/DedicatedSystem/SharedSystem, Outputs:0, VendorId:0x8086
[2017.07.29-04.40.45:709][  0]LogD3D11RHI:    2. 'Microsoft Basic Render Driver' (Feature Level 11_0)
[2017.07.29-04.40.45:709][  0]LogD3D11RHI:       0/0/8122 MB DedicatedVideo/DedicatedSystem/SharedSystem, Outputs:0, VendorId:0x1414
[2017.07.29-04.40.45:709][  0]LogD3D11RHI: Chosen D3D11 Adapter: 0
[2017.07.29-04.40.45:754][  0]LogD3D11RHI: Creating new Direct3DDevice
[2017.07.29-04.40.45:754][  0]LogD3D11RHI:     GPU DeviceId: 0x13c2 (for the marketing name, search the web for "GPU Device Id")
[2017.07.29-04.40.45:754][  0]LogWindows: EnumDisplayDevices:
[2017.07.29-04.40.45:754][  0]LogWindows:    0. 'NVIDIA GeForce GTX 970' (P:1 D:1)
[2017.07.29-04.40.45:754][  0]LogWindows:    1. 'NVIDIA GeForce GTX 970' (P:0 D:1)
[2017.07.29-04.40.45:754][  0]LogWindows:    2. 'NVIDIA GeForce GTX 970' (P:0 D:0)
[2017.07.29-04.40.45:754][  0]LogWindows:    3. 'NVIDIA GeForce GTX 970' (P:0 D:0)
[2017.07.29-04.40.45:754][  0]LogWindows:    4. 'Intel(R) HD Graphics 4600' (P:0 D:0)
[2017.07.29-04.40.45:754][  0]LogWindows:    5. 'Intel(R) HD Graphics 4600' (P:0 D:0)
[2017.07.29-04.40.45:755][  0]LogWindows:    6. 'Intel(R) HD Graphics 4600' (P:0 D:0)
[2017.07.29-04.40.45:755][  0]LogWindows: DebugString: PrimaryIsNotTheChoosenAdapter PrimaryIsNotTheChoosenAdapter PrimaryIsNotTheChoosenAdapter FoundDriverCount:4 
[2017.07.29-04.40.45:755][  0]LogD3D11RHI:     Adapter Name: NVIDIA GeForce GTX 970
[2017.07.29-04.40.45:755][  0]LogD3D11RHI:   Driver Version: 378.66 (internal:21.21.13.7866, unified:378.66)
[2017.07.29-04.40.45:755][  0]LogD3D11RHI:      Driver Date: 2-9-2017
[2017.07.29-04.40.45:755][  0]LogRHI: Texture pool is 1361 MB (70% of 1945 MB)
[2017.07.29-04.40.45:766][  0]LogD3D11RHI: Async texture creation enabled
[2017.07.29-04.40.45:775][  0]LogD3D11RHI: GPU Timing Frequency: 1000.000000 (Debug: 2 1)
[2017.07.29-04.40.45:872][  0]LogShaderCompilers: Guid format shader working directory is 16 characters bigger than the processId version (../../../../../Projects/LD39/Intermediate/Shaders/WorkingDirectory/691164/).
[2017.07.29-04.40.45:872][  0]LogShaderCompilers: Cleaned the shader compiler working directory 'C:/Users/Robby/AppData/Local/Temp/UnrealShaderWorkingDir/F3E6BEA94DBBD9AC68D321A0741D41FB/'.
[2017.07.29-04.40.45:872][  0]LogShaderCompilers:Display: Using Local Shader Compiler.
[2017.07.29-04.40.46:761][  0]LogTemp:Display: Loaded TP AllDesktopTargetPlatform
[2017.07.29-04.40.46:803][  0]LogTemp:Display: Loaded TP MacClientTargetPlatform
[2017.07.29-04.40.46:838][  0]LogTemp:Display: Loaded TP MacNoEditorTargetPlatform
[2017.07.29-04.40.46:880][  0]LogTemp:Display: Loaded TP MacServerTargetPlatform
[2017.07.29-04.40.46:915][  0]LogTemp:Display: Loaded TP MacTargetPlatform
[2017.07.29-04.40.46:950][  0]LogTemp:Display: Loaded TP WindowsClientTargetPlatform
[2017.07.29-04.40.46:991][  0]LogTemp:Display: Loaded TP WindowsNoEditorTargetPlatform
[2017.07.29-04.40.47:027][  0]LogTemp:Display: Loaded TP WindowsServerTargetPlatform
[2017.07.29-04.40.47:057][  0]LogTemp:Display: Loaded TP WindowsTargetPlatform
[2017.07.29-04.40.47:096][  0]LogTemp:Display: Loaded TP AndroidTargetPlatform
[2017.07.29-04.40.47:129][  0]LogTemp:Display: Loaded TP Android_ASTCTargetPlatform
[2017.07.29-04.40.47:162][  0]LogTemp:Display: Loaded TP Android_ATCTargetPlatform
[2017.07.29-04.40.47:196][  0]LogTemp:Display: Loaded TP Android_DXTTargetPlatform
[2017.07.29-04.40.47:229][  0]LogTemp:Display: Loaded TP Android_ETC1TargetPlatform
[2017.07.29-04.40.47:263][  0]LogTemp:Display: Loaded TP Android_ETC2TargetPlatform
[2017.07.29-04.40.47:329][  0]LogTemp:Display: Loaded TP Android_MultiTargetPlatform
[2017.07.29-04.40.47:329][  0]LogTemp:Display: Loaded TP Android_PVRTCTargetPlatform
[2017.07.29-04.40.47:355][  0]LogTemp:Display: Loaded TP HTML5TargetPlatform
[2017.07.29-04.40.47:425][  0]LogTemp:Display: Loaded TP IOSTargetPlatform
[2017.07.29-04.40.47:446][  0]LogTemp:Display: Loaded TP TVOSTargetPlatform
[2017.07.29-04.40.47:481][  0]LogTemp:Display: Loaded TP LinuxClientTargetPlatform
[2017.07.29-04.40.47:514][  0]LogTemp:Display: Loaded TP LinuxNoEditorTargetPlatform
[2017.07.29-04.40.47:546][  0]LogTemp:Display: Loaded TP LinuxServerTargetPlatform
[2017.07.29-04.40.47:581][  0]LogTemp:Display: Loaded TP LinuxTargetPlatform
[2017.07.29-04.40.47:581][  0]LogTargetPlatformManager:Display: Building Assets For Windows
[2017.07.29-04.40.47:909][  0]LogDerivedDataCache:Display: Max Cache Size: 512 MB
[2017.07.29-04.40.47:980][  0]LogDerivedDataCache: Loaded boot cache 0.07s 104MB C:/Users/Robby/AppData/Local/UnrealEngine/4.16/DerivedDataCache/Boot.ddc.
[2017.07.29-04.40.47:981][  0]LogDerivedDataCache:Display: Loaded Boot cache: C:/Users/Robby/AppData/Local/UnrealEngine/4.16/DerivedDataCache/Boot.ddc
[2017.07.29-04.40.47:981][  0]LogDerivedDataCache: FDerivedDataBackendGraph:  Pak pak cache file ../../../../../Projects/LD39/DerivedDataCache/DDC.ddp not found, will not use a pak cache.
[2017.07.29-04.40.47:981][  0]LogDerivedDataCache: Unable to find inner node Pak for hierarchical cache Hierarchy.
[2017.07.29-04.40.47:981][  0]LogDerivedDataCache: FDerivedDataBackendGraph:  CompressedPak pak cache file ../../../../../Projects/LD39/DerivedDataCache/Compressed.ddp not found, will not use a pak cache.
[2017.07.29-04.40.47:981][  0]LogDerivedDataCache: Unable to find inner node CompressedPak for hierarchical cache Hierarchy.
[2017.07.29-04.40.47:997][  0]LogDerivedDataCache:Display: Pak cache opened for reading ../../../Engine/DerivedDataCache/Compressed.ddp.
[2017.07.29-04.40.48:008][  0]LogDerivedDataCache: Using Local data cache path C:/Users/Robby/AppData/Local/UnrealEngine/Common/DerivedDataCache: Writable
[2017.07.29-04.40.48:017][  0]LogMaterial: Verifying Global Shaders for PCD3D_SM5
[2017.07.29-04.40.48:017][  0]LogSlate: Using Freetype 2.6.0
[2017.07.29-04.40.48:018][  0]LogSlate: SlateFontCache - WITH_FREETYPE: 1, WITH_HARFBUZZ: 1
[2017.07.29-04.40.48:018][  0]LogSlate: SlateFontCache - WITH_FREETYPE: 1, WITH_HARFBUZZ: 1
[2017.07.29-04.40.48:292][  0]LogInit: Selected Device Profile: [Windows]
[2017.07.29-04.40.48:343][  0]LogContentStreaming: Texture pool size is 0.00 MB
[2017.07.29-04.40.48:470][  0]LogMeshUtilities: Using QuadricMeshReduction for automatic static mesh reduction
[2017.07.29-04.40.48:500][  0]LogSimplygon: Simplygon DLL not present - disabling.
[2017.07.29-04.40.48:532][  0]LogMeshUtilities: Using SimplygonSwarm for distributed automatic mesh merging
[2017.07.29-04.40.48:532][  0]LogMeshUtilities: No automatic skeletal mesh reduction module available
[2017.07.29-04.40.48:532][  0]LogMeshUtilities: No automatic mesh merging module available
[2017.07.29-04.40.48:937][  0]LogNetVersion: LD39 , NetCL: 3452394, EngineNetVer: 2, GameNetVer: 0 (Checksum: 614156085)
[2017.07.29-04.40.48:989][  0]LogAssetRegistry: FAssetRegistry took 0.0247 seconds to start up
[2017.07.29-04.40.49:030][  0]LogPackageLocalizationCache: Processed 4 localized package path(s) for 2 prioritized culture(s) in 0.027304 seconds
[2017.07.29-04.40.49:035][  0]LogUObjectArray: 34194 objects as part of root set at end of initial load.
[2017.07.29-04.40.49:035][  0]LogUObjectAllocator: 7260416 out of 0 bytes used by permanent object pool.
[2017.07.29-04.40.49:035][  0]LogUObjectArray: CloseDisregardForGC: 0/0 objects in disregard for GC pool
[2017.07.29-04.40.49:081][  0]LogInit: WinSock: version 1.1 (2.2), MaxSocks=32767, MaxUdp=65467
[2017.07.29-04.40.50:900][  0]LogSubstanceCoreModule: Substance [CPU] Engine Loaded, Max Texture Size = 2048
[2017.07.29-04.40.50:942][  0]LogTcpMessaging: Initializing TcpMessaging bridge
[2017.07.29-04.40.50:974][  0]LogUdpMessaging: Initializing bridge on interface 0.0.0.0:0 to multicast group 230.0.0.1:6666.
[2017.07.29-04.40.51:348][  0]LogMaterial: Uniform references updated for custom material expression Custom.
[2017.07.29-04.40.51:623][  0]SourceControl: Info Source control is disabled
[2017.07.29-04.40.51:646][  0]SourceControl: Info Source control is disabled
[2017.07.29-04.40.51:679][  0]SourceControl: Info Source control is disabled
[2017.07.29-04.40.51:710][  0]SourceControl: Info Source control is disabled
[2017.07.29-04.40.52:160][  0]LogAndroidPermission: UAndroidPermissionCallbackProxy::GetInstance
[2017.07.29-04.40.52:648][  0]LogEngine: Initializing Engine...
[2017.07.29-04.41.02:527][  0]LogHMD: SteamVR initialized.  Driver: lighthouse  Display: LHR-DD20357F
[2017.07.29-04.41.02:687][  0]LogStats: UGameplayTagsManager::ConstructGameplayTagTree: Construct from data asset -  0.000 s
[2017.07.29-04.41.02:687][  0]LogStats: UGameplayTagsManager::ConstructGameplayTagTree: GameplayTagTreeChangedEvent.Broadcast -  0.000 s
[2017.07.29-04.41.02:784][  0]LogAIModule: Creating AISystem for world Untitled
[2017.07.29-04.41.02:806][  0]LogInit: XAudio2 using 'Speakers (Realtek High Definition Audio)' : 6 channels at 48 kHz using 32 bits per sample (channel mask 0x3f)
[2017.07.29-04.41.02:816][  0]LogInit: FAudioDevice initialized.
[2017.07.29-04.41.02:857][  0]LogDerivedDataCache: Saved boot cache 0.04s 90MB C:/Users/Robby/AppData/Local/UnrealEngine/4.16/DerivedDataCache/Boot.ddc.
[2017.07.29-04.41.02:894][  0]LogInit: Texture streaming: Enabled
[2017.07.29-04.41.02:963][  0]LogEngineSessionManager: EngineSessionManager initialized
[2017.07.29-04.41.03:152][  0]LogInit: Transaction tracking system initialized
[2017.07.29-04.41.03:360][  0]BlueprintLog: New page: Editor Load
[2017.07.29-04.41.04:007][  0]LocalizationService: Info Localization service is disabled
[2017.07.29-04.41.04:481][  0]LogConsoleResponse:Display: 
[2017.07.29-04.41.04:593][  0]LogCook:Display: Max memory allowance for cook 16384mb min free memory 0mb
[2017.07.29-04.41.04:593][  0]LogCook:Display: Mobile HDR setting 1
[2017.07.29-04.41.04:608][  0]LogFileCache: Scanning file cache for directory 'F:/Projects/LD39/Content/' took 0.01s
[2017.07.29-04.41.05:290][  0]SourceControl: Info Source control is disabled
[2017.07.29-04.41.05:290][  0]Cmd: MAP LOAD FILE="../../../Engine/Content/Maps/Templates/Template_Default.umap" TEMPLATE=1 SHOWPROGRESS=1 FEATURELEVEL=3
[2017.07.29-04.41.05:290][  0]LightingResults: New page: Lighting Build
[2017.07.29-04.41.05:317][  0]MapCheck: New page: Map Check
[2017.07.29-04.41.05:317][  0]LightingResults: New page: Lighting Build
[2017.07.29-04.41.05:482][  0]LogAIModule: Creating AISystem for world Untitled_1
[2017.07.29-04.41.05:484][  0]LogActorComponent: RegisterComponentWithWorld: (/Temp/Untitled_1.Untitled_1:PersistentLevel.WorldSettings_1.StaticMeshComponent0) Trying to register component with IsPendingKill() == true. Aborting.
[2017.07.29-04.41.05:487][  0]LogEditorServer: Finished looking for orphan Actors (0.000 secs)
[2017.07.29-04.41.05:498][  0]Cmd: MAP CHECKDEP NOCLEARLOG
[2017.07.29-04.41.05:530][  0]MapCheck: Info Map check complete: 0 Error(s), 0 Warning(s), took 31.333ms to complete.
[2017.07.29-04.41.05:530][  0]LogFileHelpers: Loading map 'Template_Default' took 0.240
[2017.07.29-04.41.05:598][  0]LogWindowsTextInputMethodSystem:Display: IME system now deactivated.
[2017.07.29-04.41.05:598][  0]LogWindowsTextInputMethodSystem:Display: IME system now deactivated.
[2017.07.29-04.41.05:661][  0]LogCollectionManager: Loaded 0 collections in 0.001178 seconds
[2017.07.29-04.41.05:726][  0]LogFileCache: Scanning file cache for directory 'F:/Projects/LD39/Saved/Collections/' took 0.01s
[2017.07.29-04.41.05:726][  0]LogFileCache: Scanning file cache for directory 'F:/Projects/LD39/Content/Developers/Robby/Collections/' took 0.01s
[2017.07.29-04.41.05:726][  0]LogFileCache: Scanning file cache for directory 'F:/Projects/LD39/Content/Collections/' took 0.01s
[2017.07.29-04.41.05:726][  0]LogCollectionManager: Rebuilt the GUID cache for 0 collections in 0.000001 seconds
[2017.07.29-04.41.05:734][  0]LogContentBrowser: Native class hierarchy populated in 0.0083 seconds. Added 2343 classes and 497 folders.
[2017.07.29-04.41.05:778][  0]LogContentBrowser: Native class hierarchy updated for 'WidgetCarousel' in 0.0005 seconds. Added 0 classes and 0 folders.
[2017.07.29-04.41.05:806][  0]LogContentBrowser: Native class hierarchy updated for 'AddContentDialog' in 0.0005 seconds. Added 0 classes and 0 folders.
[2017.07.29-04.41.05:835][  0]LogContentBrowser: Native class hierarchy updated for 'SceneOutliner' in 0.0005 seconds. Added 1 classes and 2 folders.
[2017.07.29-04.41.05:898][  0]LogCrashTracker: Crashtracker disabled due to settings.
[2017.07.29-04.41.05:908][  0]LogDirectoryWatcher:Warning: Failed to begin reading directory changes for ../../../../../Projects/LD39/Plugins/. Error: The system cannot find the file specified. (0x00000002)
[2017.07.29-04.41.05:913][  0]LogSlate: Took 0.000162 seconds to synchronously load lazily loaded font '../../../Engine/Content/Slate/Fonts/Roboto-Regular.ttf' (155K)
[2017.07.29-04.41.05:914][  0]LogSlate: Took 0.000189 seconds to synchronously load lazily loaded font '../../../Engine/Content/Slate/Fonts/Roboto-Bold.ttf' (160K)
[2017.07.29-04.41.05:919][  0]LogSlate: Took 0.000202 seconds to synchronously load lazily loaded font '../../../Engine/Content/Editor/Slate/Fonts/FontAwesome.ttf' (139K)
[2017.07.29-04.41.05:997][  0]LogRenderer: Reallocating scene render targets to support 1024x504 NumSamples 1 (Frame:1).
[2017.07.29-04.41.06:078][  0]LogUObjectGlobals:Warning: Failed to find object 'Class None.'
[2017.07.29-04.41.06:128][  0]LogContentBrowser: Native class hierarchy updated for 'HierarchicalLODOutliner' in 0.0006 seconds. Added 1 classes and 2 folders.
[2017.07.29-04.41.06:129][  0]LogLoad: (Engine Initialization) Total time: 22.67 seconds
[2017.07.29-04.41.06:129][  0]LogLoad: (Engine Initialization) Total Blueprint compile time: 0.07 seconds
[2017.07.29-04.41.06:129][  0]LogExternalProfiler: Found external profiler: VSPerf
[2017.07.29-04.41.06:129][  0]LogExternalProfiler: Using external profiler: VSPerf
[2017.07.29-04.41.06:139][  0]LogOcInput: OculusInput pre-init called
[2017.07.29-04.41.06:139][  0]LogHMD: Starting GearVRController plugin
[2017.07.29-04.41.06:151][  0]LogAssetRegistry: Asset discovery search completed in 17.1842 seconds
[2017.07.29-04.41.06:153][  0]LogCollectionManager: Rebuilt the object cache for 0 collections in 0.000001 seconds (found 0 objects)
[2017.07.29-04.41.06:153][  0]LogCollectionManager: Fixed up redirectors for 0 collections in 0.000042 seconds (updated 0 objects)
[2017.07.29-04.41.06:155][  0]LogContentStreaming: Texture pool size now 1000 MB
[2017.07.29-04.41.06:197][  0]LogSlate: Took 0.000151 seconds to synchronously load lazily loaded font '../../../Engine/Content/Slate/Fonts/Roboto-Light.ttf' (159K)
[2017.07.29-04.41.07:155][110]LogSlate: Took 0.000165 seconds to synchronously load lazily loaded font '../../../Engine/Content/Slate/Fonts/Roboto-Light.ttf' (159K)
[2017.07.29-04.41.10:841][548]LogDirectoryWatcher: A directory notification for '../../../Engine/Plugins/' was aborted.
[2017.07.29-04.41.14:249][955]LogSlate: Took 0.000133 seconds to synchronously load lazily loaded font '../../../Engine/Content/Slate/Fonts/Roboto-Light.ttf' (159K)
[2017.07.29-04.41.14:343][955]LogAIModule: Creating AISystem for world TestMap1
[2017.07.29-04.41.14:357][955]Cmd: MAP LOAD FILE="../../../../../Projects/LD39/Content/LD39Custom/Maps/TestMap1.umap" TEMPLATE=0 SHOWPROGRESS=1 FEATURELEVEL=3
[2017.07.29-04.41.14:357][955]LightingResults: New page: Lighting Build
[2017.07.29-04.41.14:358][955]LoadErrors: New page: Loading map: TestMap1.umap
[2017.07.29-04.41.14:358][955]MapCheck: New page: Map Check
[2017.07.29-04.41.14:358][955]LightingResults: New page: Lighting Build
[2017.07.29-04.41.14:408][955]LogEditorServer: Finished looking for orphan Actors (0.000 secs)
[2017.07.29-04.41.14:434][955]Cmd: MAP CHECKDEP NOCLEARLOG
[2017.07.29-04.41.14:465][955]MapCheck: Info Map check complete: 0 Error(s), 0 Warning(s), took 31.459ms to complete.
[2017.07.29-04.41.14:465][955]LogFileHelpers: Loading map 'TestMap1' took 0.109
[2017.07.29-04.41.30:956][880]LogContentBrowser: Native class hierarchy updated for 'BlueprintGraph' in 0.0008 seconds. Added 112 classes and 0 folders.
[2017.07.29-04.41.31:459][880]LogSlate: Took 0.000157 seconds to synchronously load lazily loaded font '../../../Engine/Content/Slate/Fonts/Roboto-Regular.ttf' (155K)
[2017.07.29-04.41.31:507][880]LogSlate: Took 0.000164 seconds to synchronously load lazily loaded font '../../../Engine/Content/Editor/Slate/Fonts/Roboto-BoldCondensed.ttf' (158K)
[2017.07.29-04.41.39:704][748]LogSlate: Took 0.011438 seconds to synchronously load lazily loaded font '../../../Engine/Content/Editor/Slate/Fonts/Roboto-BoldCondensedItalic.ttf' (160K)
[2017.07.29-04.43.09:570][ 64]BlueprintLog: New page: Compile I_Selectable
[2017.07.29-04.43.24:587][775]LogSlate: Took 0.000168 seconds to synchronously load lazily loaded font '../../../Engine/Content/Editor/Slate/Fonts/Roboto-Italic.ttf' (157K)
[2017.07.29-04.45.56:164][115]BlueprintLog: New page: Compile PC_CameraRig
[2017.07.29-04.45.56:759][160]LogSavePackage: Save=36.70ms
[2017.07.29-04.45.56:759][160]LogSavePackage: Moving '../../../../../Projects/LD39/Saved/PC_CameraRig38C2F994491476BE3F66788D088E180F.tmp' to '../../../../../Projects/LD39/Content/LD39Custom/Blueprints/Characters/RtsCameraRig/PC_CameraRig.uasset'
[2017.07.29-04.45.56:761][160]LogSavePackage:Display: Finished SavePackage ../../../../../Projects/LD39/Content/LD39Custom/Blueprints/Characters/RtsCameraRig/PC_CameraRig.uasset
[2017.07.29-04.46.58:802][245]BlueprintLog: New page: Compile PC_CameraRig
[2017.07.29-04.46.59:485][304]LogSavePackage: Save=40.19ms
[2017.07.29-04.46.59:485][304]LogSavePackage: Moving '../../../../../Projects/LD39/Saved/PC_CameraRigBDA78AF04A645991E8726DB20930EE8F.tmp' to '../../../../../Projects/LD39/Content/LD39Custom/Blueprints/Characters/RtsCameraRig/PC_CameraRig.uasset'
[2017.07.29-04.46.59:486][304]LogSavePackage:Display: Finished SavePackage ../../../../../Projects/LD39/Content/LD39Custom/Blueprints/Characters/RtsCameraRig/PC_CameraRig.uasset
[2017.07.29-04.47.01:188][500]BlueprintLog: New page: Compile I_Selectable
[2017.07.29-04.47.20:684][622]Cmd: OBJ SAVEPACKAGE PACKAGE="/Game/LD39Custom/Blueprints/Characters/Peon/BP_Peon" FILE="../../../../../Projects/LD39/Content/LD39Custom/Blueprints/Characters/Peon/BP_Peon.uasset" SILENT=true
[2017.07.29-04.47.20:762][622]LogSavePackage: Save=71.66ms
[2017.07.29-04.47.20:762][622]LogSavePackage: Moving '../../../../../Projects/LD39/Saved/BP_Peon3C2452204A183A79AF0751B187337A04.tmp' to '../../../../../Projects/LD39/Content/LD39Custom/Blueprints/Characters/Peon/BP_Peon.uasset'
[2017.07.29-04.47.20:764][622]LogSavePackage:Display: Finished SavePackage ../../../../../Projects/LD39/Content/LD39Custom/Blueprints/Characters/Peon/BP_Peon.uasset
[2017.07.29-04.47.23:539][928]LogSlate:Warning: Prevented a slow task dialog from being summoned while a context menu was open
[2017.07.29-04.47.37:294][462]BlueprintLog: New page: Compile BP_Peon
[2017.07.29-04.47.38:146][542]Cmd: OBJ SAVEPACKAGE PACKAGE="/Game/LD39Custom/Blueprints/Characters/Peon/BP_Peon" FILE="../../../../../Projects/LD39/Content/LD39Custom/Blueprints/Characters/Peon/BP_Peon.uasset" SILENT=true
[2017.07.29-04.47.38:208][542]LogSavePackage: Save=59.06ms
[2017.07.29-04.47.38:208][542]LogSavePackage: Moving '../../../../../Projects/LD39/Saved/BP_PeonC084B01B4D5B9CD6899E5AADA9A43B18.tmp' to '../../../../../Projects/LD39/Content/LD39Custom/Blueprints/Characters/Peon/BP_Peon.uasset'
[2017.07.29-04.47.38:209][542]LogSavePackage:Display: Finished SavePackage ../../../../../Projects/LD39/Content/LD39Custom/Blueprints/Characters/Peon/BP_Peon.uasset
[2017.07.29-04.48.25:001][797]BlueprintLog: New page: Compile BP_Peon
[2017.07.29-04.48.25:762][868]Cmd: OBJ SAVEPACKAGE PACKAGE="/Game/LD39Custom/Blueprints/Characters/Peon/BP_Peon" FILE="../../../../../Projects/LD39/Content/LD39Custom/Blueprints/Characters/Peon/BP_Peon.uasset" SILENT=true
[2017.07.29-04.48.25:824][868]LogSavePackage: Save=60.19ms
[2017.07.29-04.48.25:824][868]LogSavePackage: Moving '../../../../../Projects/LD39/Saved/BP_Peon6EE38F804D4C145836460B865D5E7D27.tmp' to '../../../../../Projects/LD39/Content/LD39Custom/Blueprints/Characters/Peon/BP_Peon.uasset'
[2017.07.29-04.48.25:826][868]LogSavePackage:Display: Finished SavePackage ../../../../../Projects/LD39/Content/LD39Custom/Blueprints/Characters/Peon/BP_Peon.uasset
[2017.07.29-04.48.55:347][ 32]BlueprintLog: New page: Compile BP_Peon
[2017.07.29-04.48.56:075][ 93]Cmd: OBJ SAVEPACKAGE PACKAGE="/Game/LD39Custom/Blueprints/Characters/Peon/BP_Peon" FILE="../../../../../Projects/LD39/Content/LD39Custom/Blueprints/Characters/Peon/BP_Peon.uasset" SILENT=true
[2017.07.29-04.48.56:138][ 93]LogSavePackage: Save=61.27ms
[2017.07.29-04.48.56:138][ 93]LogSavePackage: Moving '../../../../../Projects/LD39/Saved/BP_Peon770B587942546C1396E3C78FFE8EB68A.tmp' to '../../../../../Projects/LD39/Content/LD39Custom/Blueprints/Characters/Peon/BP_Peon.uasset'
[2017.07.29-04.48.56:140][ 93]LogSavePackage:Display: Finished SavePackage ../../../../../Projects/LD39/Content/LD39Custom/Blueprints/Characters/Peon/BP_Peon.uasset
[2017.07.29-04.49.55:206][523]BlueprintLog: New page: Compile PC_CameraRig
[2017.07.29-04.49.55:894][578]LogSavePackage: Save=43.95ms
[2017.07.29-04.49.55:894][578]LogSavePackage: Moving '../../../../../Projects/LD39/Saved/PC_CameraRigF068BC0A4B47E633664EE59F6FEECE4F.tmp' to '../../../../../Projects/LD39/Content/LD39Custom/Blueprints/Characters/RtsCameraRig/PC_CameraRig.uasset'
[2017.07.29-04.49.55:895][578]LogSavePackage:Display: Finished SavePackage ../../../../../Projects/LD39/Content/LD39Custom/Blueprints/Characters/RtsCameraRig/PC_CameraRig.uasset
[2017.07.29-04.50.27:113][997]BlueprintLog: New page: Compile PC_CameraRig
[2017.07.29-04.50.28:453][130]LogSavePackage: Save=44.71ms
[2017.07.29-04.50.28:453][130]LogSavePackage: Moving '../../../../../Projects/LD39/Saved/PC_CameraRig04D452F14F6C32DDFDFAC38D3F23EDC3.tmp' to '../../../../../Projects/LD39/Content/LD39Custom/Blueprints/Characters/RtsCameraRig/PC_CameraRig.uasset'
[2017.07.29-04.50.28:454][130]LogSavePackage:Display: Finished SavePackage ../../../../../Projects/LD39/Content/LD39Custom/Blueprints/Characters/RtsCameraRig/PC_CameraRig.uasset
[2017.07.29-04.50.35:192][882]BlueprintLog: New page: Compile PC_CameraRig
[2017.07.29-04.50.35:910][942]LogSavePackage: Save=45.77ms
[2017.07.29-04.50.35:910][942]LogSavePackage: Moving '../../../../../Projects/LD39/Saved/PC_CameraRigA62DB4784B279CF0219D16B5CD7B4F22.tmp' to '../../../../../Projects/LD39/Content/LD39Custom/Blueprints/Characters/RtsCameraRig/PC_CameraRig.uasset'
[2017.07.29-04.50.35:912][942]LogSavePackage:Display: Finished SavePackage ../../../../../Projects/LD39/Content/LD39Custom/Blueprints/Characters/RtsCameraRig/PC_CameraRig.uasset
[2017.07.29-04.50.37:621][132]LogTemp: Repeting last play command: Selected Viewport
[2017.07.29-04.50.37:653][132]LogPlayLevel: PlayLevel: No blueprints needed recompiling
[2017.07.29-04.50.37:654][132]PIE: New page: PIE session: TestMap1 (Jul 28, 2017, 8:50:37 PM)
[2017.07.29-04.50.37:654][132]LogPlayLevel: Creating play world package: /Game/LD39Custom/Maps/UEDPIE_0_TestMap1
[2017.07.29-04.50.37:657][132]LogPlayLevel: PIE: StaticDuplicateObject took: (0.003404s)
[2017.07.29-04.50.37:658][132]LogAIModule: Creating AISystem for world TestMap1
[2017.07.29-04.50.37:658][132]LogPlayLevel: PIE: World Init took: (0.000690s)
[2017.07.29-04.50.37:658][132]LogPlayLevel: PIE: Created PIE world by copying editor world from /Game/LD39Custom/Maps/TestMap1.TestMap1 to /Game/LD39Custom/Maps/UEDPIE_0_TestMap1.TestMap1 (0.004309s)
[2017.07.29-04.50.37:685][132]LogInit: XAudio2 using 'Speakers (Realtek High Definition Audio)' : 6 channels at 48 kHz using 32 bits per sample (channel mask 0x3f)
[2017.07.29-04.50.37:694][132]LogInit: FAudioDevice initialized.
[2017.07.29-04.50.37:738][132]LogLoad: Game class is 'GM_LD39_C'
[2017.07.29-04.50.37:741][132]LogWorld: Bringing World /Game/LD39Custom/Maps/UEDPIE_0_TestMap1.TestMap1 up for play (max tick rate 0) at 2017.07.29-00.50.37
[2017.07.29-04.50.37:741][132]LogWorld: Bringing up level for play took: 0.001305
[2017.07.29-04.50.37:771][132]LogContentBrowser: Native class hierarchy updated for 'MovieSceneCapture' in 0.0006 seconds. Added 11 classes and 0 folders.
[2017.07.29-04.50.37:772][132]PIE: Info Play in editor start time for /Game/LD39Custom/Maps/UEDPIE_0_TestMap1 1.028
[2017.07.29-04.50.37:800][133]LogRenderer: Reallocating scene render targets to support 1432x708 NumSamples 1 (Frame:1).
[2017.07.29-04.50.39:159][284]LogScript:Warning: Infinite script recursion (250 calls) detected - see log for stack trace
	PC_CameraRig_C /Game/LD39Custom/Maps/UEDPIE_0_TestMap1.TestMap1:PersistentLevel.PC_CameraRig_C_0
	Function /Game/LD39Custom/Blueprints/Characters/RtsCameraRig/PC_CameraRig.PC_CameraRig_C:Select:0000
[2017.07.29-04.50.39:159][284]PIE:Error: Error Infinite Loop detected in  PC_CameraRig , asserted during  Select with the following  Call Stack
[2017.07.29-04.50.48:922][295]LogBlueprint:Warning: Unknown type of hyperlinked object
[2017.07.29-04.51.26:406][186]BlueprintLog: New page: Compile PC_CameraRig
[2017.07.29-04.51.27:050][239]LogSavePackage: Save=46.76ms
[2017.07.29-04.51.27:050][239]LogSavePackage: Moving '../../../../../Projects/LD39/Saved/PC_CameraRig975A112C465E059A8C0975B16C9B9296.tmp' to '../../../../../Projects/LD39/Content/LD39Custom/Blueprints/Characters/RtsCameraRig/PC_CameraRig.uasset'
[2017.07.29-04.51.27:051][239]LogSavePackage:Display: Finished SavePackage ../../../../../Projects/LD39/Content/LD39Custom/Blueprints/Characters/RtsCameraRig/PC_CameraRig.uasset
[2017.07.29-04.51.29:623][528]LogTemp: Repeting last play command: Selected Viewport
[2017.07.29-04.51.29:639][528]LogPlayLevel: PlayLevel: No blueprints needed recompiling
[2017.07.29-04.51.29:639][528]PIE: New page: PIE session: TestMap1 (Jul 28, 2017, 8:51:29 PM)
[2017.07.29-04.51.29:639][528]LogPlayLevel: Creating play world package: /Game/LD39Custom/Maps/UEDPIE_0_TestMap1
[2017.07.29-04.51.29:643][528]LogPlayLevel: PIE: StaticDuplicateObject took: (0.003473s)
[2017.07.29-04.51.29:643][528]LogAIModule: Creating AISystem for world TestMap1
[2017.07.29-04.51.29:644][528]LogPlayLevel: PIE: World Init took: (0.000536s)
[2017.07.29-04.51.29:644][528]LogPlayLevel: PIE: Created PIE world by copying editor world from /Game/LD39Custom/Maps/TestMap1.TestMap1 to /Game/LD39Custom/Maps/UEDPIE_0_TestMap1.TestMap1 (0.004207s)
[2017.07.29-04.51.29:671][528]LogInit: XAudio2 using 'Speakers (Realtek High Definition Audio)' : 6 channels at 48 kHz using 32 bits per sample (channel mask 0x3f)
[2017.07.29-04.51.29:679][528]LogInit: FAudioDevice initialized.
[2017.07.29-04.51.29:711][528]LogLoad: Game class is 'GM_LD39_C'
[2017.07.29-04.51.29:712][528]LogWorld: Bringing World /Game/LD39Custom/Maps/UEDPIE_0_TestMap1.TestMap1 up for play (max tick rate 0) at 2017.07.29-00.51.29
[2017.07.29-04.51.29:713][528]LogWorld: Bringing up level for play took: 0.001098
[2017.07.29-04.51.29:714][528]PIE: Info Play in editor start time for /Game/LD39Custom/Maps/UEDPIE_0_TestMap1 0.97
[2017.07.29-04.51.39:334][635]LogEditorViewport: Clicking on Actor (LMB): BP_Peon_C (BP_Peon)
[2017.07.29-04.51.43:552][ 35]LogTemp: Repeting last play command: Selected Viewport
[2017.07.29-04.51.43:567][ 35]LogPlayLevel: PlayLevel: No blueprints needed recompiling
[2017.07.29-04.51.43:568][ 35]PIE: New page: PIE session: TestMap1 (Jul 28, 2017, 8:51:43 PM)
[2017.07.29-04.51.43:568][ 35]LogPlayLevel: Creating play world package: /Game/LD39Custom/Maps/UEDPIE_0_TestMap1
[2017.07.29-04.51.43:571][ 35]LogPlayLevel: PIE: StaticDuplicateObject took: (0.003251s)
[2017.07.29-04.51.43:572][ 35]LogAIModule: Creating AISystem for world TestMap1
[2017.07.29-04.51.43:572][ 35]LogPlayLevel: PIE: World Init took: (0.000563s)
[2017.07.29-04.51.43:572][ 35]LogPlayLevel: PIE: Created PIE world by copying editor world from /Game/LD39Custom/Maps/TestMap1.TestMap1 to /Game/LD39Custom/Maps/UEDPIE_0_TestMap1.TestMap1 (0.004012s)
[2017.07.29-04.51.43:600][ 35]LogInit: XAudio2 using 'Speakers (Realtek High Definition Audio)' : 6 channels at 48 kHz using 32 bits per sample (channel mask 0x3f)
[2017.07.29-04.51.43:608][ 35]LogInit: FAudioDevice initialized.
[2017.07.29-04.51.43:643][ 35]LogLoad: Game class is 'GM_LD39_C'
[2017.07.29-04.51.43:644][ 35]LogWorld: Bringing World /Game/LD39Custom/Maps/UEDPIE_0_TestMap1.TestMap1 up for play (max tick rate 0) at 2017.07.29-00.51.43
[2017.07.29-04.51.43:645][ 35]LogWorld: Bringing up level for play took: 0.001121
[2017.07.29-04.51.43:646][ 35]PIE: Info Play in editor start time for /Game/LD39Custom/Maps/UEDPIE_0_TestMap1 0.902
[2017.07.29-04.52.24:369][428]Cmd: OBJ SAVEPACKAGE PACKAGE="/Game/LD39Custom/Maps/TestMap1" FILE="../../../../../Projects/LD39/Content/LD39Custom/Maps/TestMap1.umap" SILENT=true AUTOSAVING=false KEEPDIRTY=false
[2017.07.29-04.52.24:444][428]LogSavePackage: Save=55.63ms
[2017.07.29-04.52.24:444][428]LogSavePackage: Moving '../../../../../Projects/LD39/Saved/TestMap10376A479452A68FE639D08AEEB07F04D.tmp' to '../../../../../Projects/LD39/Content/LD39Custom/Maps/TestMap1.umap'
[2017.07.29-04.52.24:446][428]LogSavePackage:Display: Finished SavePackage ../../../../../Projects/LD39/Content/LD39Custom/Maps/TestMap1.umap
